Time : 2022.12.27 11:13:57	Type  Bind : cStartup`1 -> cStartup`1  ,  Life : ContainerControlledLifetimeManager
Time : 2022.12.27 11:13:57	Type  Bind : IScripting -> cScriptRunner  ,  Life : ContainerControlledLifetimeManager
Time : 2022.12.27 11:13:57	ResolveInstance<T>() started : cStartup`1
Time : 2022.12.27 11:13:57	ResolveInstance<T>() started : cStarter
Time : 2022.12.27 11:15:24	Type  Bind : cStartup`1 -> cStartup`1  ,  Life : ContainerControlledLifetimeManager
Time : 2022.12.27 11:15:24	Type  Bind : IScripting -> cScriptRunner  ,  Life : ContainerControlledLifetimeManager
Time : 2022.12.27 11:15:24	ResolveInstance<T>() started : cStartup`1
Time : 2022.12.27 11:15:24	ResolveInstance<T>() started : cStarter
Time : 2022.12.27 11:15:36	Type  Bind : cStartup`1 -> cStartup`1  ,  Life : ContainerControlledLifetimeManager
Time : 2022.12.27 11:15:37	Type  Bind : IScripting -> cScriptRunner  ,  Life : ContainerControlledLifetimeManager
Time : 2022.12.27 11:15:37	ResolveInstance<T>() started : cStartup`1
Time : 2022.12.27 11:15:37	ResolveInstance<T>() started : cStarter
Time : 2022.12.27 11:15:42	ResolveInstance<T>() ended : cStarter
Time : 2022.12.27 11:15:42	ResolveInstance<T>() ended : cStartup`1
Time : 2022.12.27 11:15:57	Type  Bind : cStartup`1 -> cStartup`1  ,  Life : ContainerControlledLifetimeManager
Time : 2022.12.27 11:15:57	Type  Bind : IScripting -> cScriptRunner  ,  Life : ContainerControlledLifetimeManager
Time : 2022.12.27 11:15:57	ResolveInstance<T>() started : cStartup`1
Time : 2022.12.27 11:15:57	ResolveInstance<T>() started : cStarter
Time : 2022.12.27 11:17:20	Type  Bind : cStartup`1 -> cStartup`1  ,  Life : ContainerControlledLifetimeManager
Time : 2022.12.27 11:17:20	Type  Bind : IScripting -> cScriptRunner  ,  Life : ContainerControlledLifetimeManager
Time : 2022.12.27 11:17:20	Type  Bind : cFileEntity`1 -> cFileEntity`1  ,  Life : PerResolveLifetimeManager
Time : 2022.12.27 11:17:20	Type  Bind : cGlobalSettingEntity -> cGlobalSettingEntity  ,  Life : PerResolveLifetimeManager
Time : 2022.12.27 11:17:20	Type  Bind : IDataService -> cDataService  ,  Life : TransientLifetimeManager
Time : 2022.12.27 11:17:20	Type  Bind : IFileDateService -> cFileDataService  ,  Life : ContainerControlledLifetimeManager
Time : 2022.12.27 11:17:20	ResolveInstance<T>() started : IDataService
Time : 2022.12.27 11:17:20	ResolveInstance<T>() ended : IDataService
Time : 2022.12.27 11:39:39	Type  Bind : cStartup`1 -> cStartup`1  ,  Life : ContainerControlledLifetimeManager
Time : 2022.12.27 11:39:39	Type  Bind : IScripting -> cScriptRunner  ,  Life : ContainerControlledLifetimeManager
Time : 2022.12.27 11:39:39	Type  Bind : cFileEntity`1 -> cFileEntity`1  ,  Life : PerResolveLifetimeManager
Time : 2022.12.27 11:39:39	Type  Bind : cGlobalSettingEntity -> cGlobalSettingEntity  ,  Life : PerResolveLifetimeManager
Time : 2022.12.27 11:39:39	Type  Bind : IDataService -> cDataService  ,  Life : TransientLifetimeManager
Time : 2022.12.27 11:39:39	Type  Bind : IFileDateService -> cFileDataService  ,  Life : ContainerControlledLifetimeManager
Time : 2022.12.27 11:39:39	ResolveInstance<T>() started : IDataService
Time : 2022.12.27 11:39:39	ResolveInstance<T>() ended : IDataService
Time : 2022.12.27 11:41:49	Type  Bind : cStartup`1 -> cStartup`1  ,  Life : ContainerControlledLifetimeManager
Time : 2022.12.27 11:41:49	Type  Bind : IScripting -> cScriptRunner  ,  Life : ContainerControlledLifetimeManager
Time : 2022.12.27 11:41:49	Type  Bind : cFileEntity`1 -> cFileEntity`1  ,  Life : PerResolveLifetimeManager
Time : 2022.12.27 11:41:49	Type  Bind : cGlobalSettingEntity -> cGlobalSettingEntity  ,  Life : PerResolveLifetimeManager
Time : 2022.12.27 11:41:49	Type  Bind : IDataService -> cDataService  ,  Life : TransientLifetimeManager
Time : 2022.12.27 11:41:49	Type  Bind : IFileDateService -> cFileDataService  ,  Life : ContainerControlledLifetimeManager
Time : 2022.12.27 11:41:49	ResolveInstance<T>() started : IDataService
Time : 2022.12.27 11:41:49	ResolveInstance<T>() ended : IDataService
Time : 2022.12.27 11:45:39	Type  Bind : cStartup`1 -> cStartup`1  ,  Life : ContainerControlledLifetimeManager
Time : 2022.12.27 11:45:39	Type  Bind : IScripting -> cScriptRunner  ,  Life : ContainerControlledLifetimeManager
Time : 2022.12.27 11:45:39	Type  Bind : cFileEntity`1 -> cFileEntity`1  ,  Life : PerResolveLifetimeManager
Time : 2022.12.27 11:45:39	Type  Bind : cGlobalSettingEntity -> cGlobalSettingEntity  ,  Life : PerResolveLifetimeManager
Time : 2022.12.27 11:45:39	Type  Bind : IDataService -> cDataService  ,  Life : TransientLifetimeManager
Time : 2022.12.27 11:45:39	Type  Bind : IFileDateService -> cFileDataService  ,  Life : ContainerControlledLifetimeManager
Time : 2022.12.27 11:45:39	ResolveInstance<T>() started : IDataService
Time : 2022.12.27 11:45:39	ResolveInstance<T>() ended : IDataService
