Time : 2022.12.27 11:13:57	ResolveInstance<T>() failed : The current type, Base.Data.nDatabaseService.IDataService, is an interface and cannot be constructed. Are you missing a type mapping?
_____________________________________________________
Exception occurred while:

• while resolving:  IDataService
    for parameter:  _DataService
   on constructor:  cDatabaseContext(cApp _App, IDataService _DataService)

• while resolving:  cDatabaseContext
    for parameter:  _DatabaseContext
   on constructor:  cStarter(cApp _App, cDatabaseContext _DatabaseContext)

• while resolving:  cStarter

Time : 2022.12.27 11:13:57

####################################################################################################

The current type, Base.Data.nDatabaseService.IDataService, is an interface and cannot be constructed. Are you missing a type mapping?
_____________________________________________________
Exception occurred while:

• while resolving:  IDataService
    for parameter:  _DataService
   on constructor:  cDatabaseContext(cApp _App, IDataService _DataService)

• while resolving:  cDatabaseContext
    for parameter:  _DatabaseContext
   on constructor:  cStarter(cApp _App, cDatabaseContext _DatabaseContext)

• while resolving:  cStarter

    at Unity.UnityContainer.ExecuteValidatingPlan(BuilderContext& context)
   at Unity.UnityContainer.Unity.IUnityContainer.Resolve(Type type, String name, ResolverOverride[] overrides)
   at Bootstrapper.Core.nApplication.nFactories.nObjectFactory.cObjectFactory.ResolveInstance(Dictionary`2 _ParentList, Type _Type) in C:\ProjectWorkspace\GenericScaffold\Bootstrapper.Core\nApplication\nFactories\nObjectFactory\cObjectFactory.cs:line 80 
 Unity.Container 
 System.InvalidOperationException: The current type, Base.Data.nDatabaseService.IDataService, is an interface and cannot be constructed. Are you missing a type mapping?
 ---> Unity.Exceptions.InvalidRegistrationException: Exception of type 'Unity.Exceptions.InvalidRegistrationException' was thrown.
   --- End of inner exception stack trace ---
   at Unity.Processors.ConstructorDiagnostic.<>c.<GetResolver>b__13_0(BuilderContext& c)
   at Unity.Processors.MemberProcessor`2.<>c__DisplayClass8_0.<GetResolver>b__0(BuilderContext& c)
   at Unity.Processors.MemberProcessor`2.<>c__DisplayClass8_0.<GetResolver>b__0(BuilderContext& c)
   at Unity.Processors.MemberProcessor`2.<>c__DisplayClass8_0.<GetResolver>b__0(BuilderContext& c)
   at Unity.UnityContainer.<>c__DisplayClass113_0.<OptimizingFactory>b__0(BuilderContext& c)
   at Unity.Strategies.BuildPlanStrategy.PreBuildUp(BuilderContext& context)
   at Unity.UnityContainer.ContextValidatingExecutePlan(BuilderStrategy[] chain, BuilderContext& context)
   at Unity.Builder.BuilderContext.Resolve(Type type, String name, InternalRegistration registration)
   at Unity.Builder.BuilderContext.Resolve(Type type, String name)
   at Unity.Builder.BuilderContext.Resolve(ParameterInfo parameter, Object value)
   at Unity.Processors.ParametersProcessor`1.<>c__DisplayClass1_0.<CreateDiagnosticParameterResolvers>b__0(BuilderContext& context)
   at Unity.Processors.ConstructorDiagnostic.<>c__DisplayClass14_0.<GetResolverDelegate>b__0(BuilderContext& c)
   at Unity.Processors.MemberProcessor`2.<>c__DisplayClass8_0.<GetResolver>b__0(BuilderContext& c)
   at Unity.Processors.MemberProcessor`2.<>c__DisplayClass8_0.<GetResolver>b__0(BuilderContext& c)
   at Unity.Processors.MemberProcessor`2.<>c__DisplayClass8_0.<GetResolver>b__0(BuilderContext& c)
   at Unity.UnityContainer.<>c__DisplayClass113_0.<OptimizingFactory>b__0(BuilderContext& c)
   at Unity.Strategies.BuildPlanStrategy.PreBuildUp(BuilderContext& context)
   at Unity.UnityContainer.ContextValidatingExecutePlan(BuilderStrategy[] chain, BuilderContext& context)
   at Unity.Builder.BuilderContext.Resolve(Type type, String name, InternalRegistration registration)
   at Unity.Builder.BuilderContext.Resolve(Type type, String name)
   at Unity.Builder.BuilderContext.Resolve(ParameterInfo parameter, Object value)
   at Unity.Processors.ParametersProcessor`1.<>c__DisplayClass1_0.<CreateDiagnosticParameterResolvers>b__0(BuilderContext& context)
   at Unity.Processors.ConstructorDiagnostic.<>c__DisplayClass14_0.<GetResolverDelegate>b__0(BuilderContext& c)
   at Unity.Processors.MemberProcessor`2.<>c__DisplayClass8_0.<GetResolver>b__0(BuilderContext& c)
   at Unity.Processors.MemberProcessor`2.<>c__DisplayClass8_0.<GetResolver>b__0(BuilderContext& c)
   at Unity.Processors.MemberProcessor`2.<>c__DisplayClass8_0.<GetResolver>b__0(BuilderContext& c)
   at Unity.UnityContainer.<>c__DisplayClass113_0.<OptimizingFactory>b__0(BuilderContext& c)
   at Unity.Strategies.BuildPlanStrategy.PreBuildUp(BuilderContext& context)
   at Unity.UnityContainer.ExecuteValidatingPlan(BuilderContext& context)

####################################################################################################

Time : 2022.12.27 11:15:24	ResolveInstance<T>() failed : The current type, Base.Data.nDatabaseService.IDataService, is an interface and cannot be constructed. Are you missing a type mapping?
_____________________________________________________
Exception occurred while:

• while resolving:  IDataService
    for parameter:  _DataService
   on constructor:  cDatabaseContext(cApp _App, IDataService _DataService)

• while resolving:  cDatabaseContext
    for parameter:  _DatabaseContext
   on constructor:  cStarter(cApp _App, cDatabaseContext _DatabaseContext)

• while resolving:  cStarter

Time : 2022.12.27 11:15:24

####################################################################################################

The current type, Base.Data.nDatabaseService.IDataService, is an interface and cannot be constructed. Are you missing a type mapping?
_____________________________________________________
Exception occurred while:

• while resolving:  IDataService
    for parameter:  _DataService
   on constructor:  cDatabaseContext(cApp _App, IDataService _DataService)

• while resolving:  cDatabaseContext
    for parameter:  _DatabaseContext
   on constructor:  cStarter(cApp _App, cDatabaseContext _DatabaseContext)

• while resolving:  cStarter

    at Unity.UnityContainer.ExecuteValidatingPlan(BuilderContext& context)
   at Unity.UnityContainer.Unity.IUnityContainer.Resolve(Type type, String name, ResolverOverride[] overrides)
   at Bootstrapper.Core.nApplication.nFactories.nObjectFactory.cObjectFactory.ResolveInstance(Dictionary`2 _ParentList, Type _Type) in C:\ProjectWorkspace\GenericScaffold\Bootstrapper.Core\nApplication\nFactories\nObjectFactory\cObjectFactory.cs:line 80 
 Unity.Container 
 System.InvalidOperationException: The current type, Base.Data.nDatabaseService.IDataService, is an interface and cannot be constructed. Are you missing a type mapping?
 ---> Unity.Exceptions.InvalidRegistrationException: Exception of type 'Unity.Exceptions.InvalidRegistrationException' was thrown.
   --- End of inner exception stack trace ---
   at Unity.Processors.ConstructorDiagnostic.<>c.<GetResolver>b__13_0(BuilderContext& c)
   at Unity.Processors.MemberProcessor`2.<>c__DisplayClass8_0.<GetResolver>b__0(BuilderContext& c)
   at Unity.Processors.MemberProcessor`2.<>c__DisplayClass8_0.<GetResolver>b__0(BuilderContext& c)
   at Unity.Processors.MemberProcessor`2.<>c__DisplayClass8_0.<GetResolver>b__0(BuilderContext& c)
   at Unity.UnityContainer.<>c__DisplayClass113_0.<OptimizingFactory>b__0(BuilderContext& c)
   at Unity.Strategies.BuildPlanStrategy.PreBuildUp(BuilderContext& context)
   at Unity.UnityContainer.ContextValidatingExecutePlan(BuilderStrategy[] chain, BuilderContext& context)
   at Unity.Builder.BuilderContext.Resolve(Type type, String name, InternalRegistration registration)
   at Unity.Builder.BuilderContext.Resolve(Type type, String name)
   at Unity.Builder.BuilderContext.Resolve(ParameterInfo parameter, Object value)
   at Unity.Processors.ParametersProcessor`1.<>c__DisplayClass1_0.<CreateDiagnosticParameterResolvers>b__0(BuilderContext& context)
   at Unity.Processors.ConstructorDiagnostic.<>c__DisplayClass14_0.<GetResolverDelegate>b__0(BuilderContext& c)
   at Unity.Processors.MemberProcessor`2.<>c__DisplayClass8_0.<GetResolver>b__0(BuilderContext& c)
   at Unity.Processors.MemberProcessor`2.<>c__DisplayClass8_0.<GetResolver>b__0(BuilderContext& c)
   at Unity.Processors.MemberProcessor`2.<>c__DisplayClass8_0.<GetResolver>b__0(BuilderContext& c)
   at Unity.UnityContainer.<>c__DisplayClass113_0.<OptimizingFactory>b__0(BuilderContext& c)
   at Unity.Strategies.BuildPlanStrategy.PreBuildUp(BuilderContext& context)
   at Unity.UnityContainer.ContextValidatingExecutePlan(BuilderStrategy[] chain, BuilderContext& context)
   at Unity.Builder.BuilderContext.Resolve(Type type, String name, InternalRegistration registration)
   at Unity.Builder.BuilderContext.Resolve(Type type, String name)
   at Unity.Builder.BuilderContext.Resolve(ParameterInfo parameter, Object value)
   at Unity.Processors.ParametersProcessor`1.<>c__DisplayClass1_0.<CreateDiagnosticParameterResolvers>b__0(BuilderContext& context)
   at Unity.Processors.ConstructorDiagnostic.<>c__DisplayClass14_0.<GetResolverDelegate>b__0(BuilderContext& c)
   at Unity.Processors.MemberProcessor`2.<>c__DisplayClass8_0.<GetResolver>b__0(BuilderContext& c)
   at Unity.Processors.MemberProcessor`2.<>c__DisplayClass8_0.<GetResolver>b__0(BuilderContext& c)
   at Unity.Processors.MemberProcessor`2.<>c__DisplayClass8_0.<GetResolver>b__0(BuilderContext& c)
   at Unity.UnityContainer.<>c__DisplayClass113_0.<OptimizingFactory>b__0(BuilderContext& c)
   at Unity.Strategies.BuildPlanStrategy.PreBuildUp(BuilderContext& context)
   at Unity.UnityContainer.ExecuteValidatingPlan(BuilderContext& context)

####################################################################################################

Time : 2022.12.27 11:15:57	ResolveInstance<T>() failed : The current type, Base.Data.nDatabaseService.IDataService, is an interface and cannot be constructed. Are you missing a type mapping?
_____________________________________________________
Exception occurred while:

• while resolving:  IDataService
    for parameter:  _DataService
   on constructor:  cStarter(cApp _App, IDataService _DataService)

• while resolving:  cStarter

