Time : 2022.12.27 13:52:54	dbug: 27.12.2022 13:52:54.024 CoreEventId.ContextInitialized[10403] (Microsoft.EntityFrameworkCore.Infrastructure) 
      Entity Framework Core 7.0.1 initialized 'cDatabaseContext' using provider 'Npgsql.EntityFrameworkCore.PostgreSQL:7.0.1+bb6fc9a54b5214588485d0c178bcbc3c84f18479' with options: DetailedErrorsEnabled 
Time : 2022.12.27 13:52:54	dbug: 27.12.2022 13:52:54.046 RelationalEventId.ConnectionCreating[20005] (Microsoft.EntityFrameworkCore.Database.Connection) 
      Creating DbConnection.
Time : 2022.12.27 13:52:54	dbug: 27.12.2022 13:52:54.113 RelationalEventId.ConnectionCreated[20006] (Microsoft.EntityFrameworkCore.Database.Connection) 
      Created DbConnection. (67ms).
Time : 2022.12.27 13:52:54	dbug: 27.12.2022 13:52:54.118 RelationalEventId.MigrateUsingConnection[20400] (Microsoft.EntityFrameworkCore.Migrations) 
      Migrating using database 'myDataBase' on server ''.
Time : 2022.12.27 13:52:54	dbug: 27.12.2022 13:52:54.139 RelationalEventId.ConnectionOpening[20000] (Microsoft.EntityFrameworkCore.Database.Connection) 
      Opening connection to database 'myDataBase' on server ''.
Time : 2022.12.27 13:52:54	dbug: 27.12.2022 13:52:54.374 RelationalEventId.ConnectionOpened[20001] (Microsoft.EntityFrameworkCore.Database.Connection) 
      Opened connection to database 'myDataBase' on server 'tcp://127.0.0.1:5432'.
Time : 2022.12.27 13:52:54	dbug: 27.12.2022 13:52:54.380 RelationalEventId.ConnectionClosing[20002] (Microsoft.EntityFrameworkCore.Database.Connection) 
      Closing connection to database 'myDataBase' on server 'tcp://127.0.0.1:5432'.
Time : 2022.12.27 13:52:54	dbug: 27.12.2022 13:52:54.397 RelationalEventId.ConnectionClosed[20003] (Microsoft.EntityFrameworkCore.Database.Connection) 
      Closed connection to database 'myDataBase' on server '' (13ms).
Time : 2022.12.27 13:52:54	dbug: 27.12.2022 13:52:54.410 RelationalEventId.CommandCreating[20103] (Microsoft.EntityFrameworkCore.Database.Command) 
      Creating DbCommand for 'ExecuteScalar'.
Time : 2022.12.27 13:52:54	dbug: 27.12.2022 13:52:54.420 RelationalEventId.CommandCreated[20104] (Microsoft.EntityFrameworkCore.Database.Command) 
      Created DbCommand for 'ExecuteScalar' (9ms).
Time : 2022.12.27 13:52:54	dbug: 27.12.2022 13:52:54.432 RelationalEventId.CommandInitialized[20106] (Microsoft.EntityFrameworkCore.Database.Command) 
      Initialized DbCommand for 'ExecuteScalar' (25ms).
Time : 2022.12.27 13:52:54	dbug: 27.12.2022 13:52:54.440 RelationalEventId.ConnectionOpening[20000] (Microsoft.EntityFrameworkCore.Database.Connection) 
      Opening connection to database 'myDataBase' on server ''.
Time : 2022.12.27 13:52:54	dbug: 27.12.2022 13:52:54.513 RelationalEventId.ConnectionOpened[20001] (Microsoft.EntityFrameworkCore.Database.Connection) 
      Opened connection to database 'myDataBase' on server 'tcp://127.0.0.1:5432'.
Time : 2022.12.27 13:52:54	dbug: 27.12.2022 13:52:54.525 RelationalEventId.CommandExecuting[20100] (Microsoft.EntityFrameworkCore.Database.Command) 
      Executing DbCommand [Parameters=[], CommandType='Text', CommandTimeout='30']
      SELECT EXISTS (SELECT 1 FROM pg_catalog.pg_class c JOIN pg_catalog.pg_namespace n ON n.oid=c.relnamespace WHERE c.relname='__EFMigrationsHistory');
Time : 2022.12.27 13:52:54	info: 27.12.2022 13:52:54.569 RelationalEventId.CommandExecuted[20101] (Microsoft.EntityFrameworkCore.Database.Command) 
      Executed DbCommand (47ms) [Parameters=[], CommandType='Text', CommandTimeout='30']
      SELECT EXISTS (SELECT 1 FROM pg_catalog.pg_class c JOIN pg_catalog.pg_namespace n ON n.oid=c.relnamespace WHERE c.relname='__EFMigrationsHistory');
Time : 2022.12.27 13:52:54	dbug: 27.12.2022 13:52:54.583 RelationalEventId.ConnectionClosing[20002] (Microsoft.EntityFrameworkCore.Database.Connection) 
      Closing connection to database 'myDataBase' on server 'tcp://127.0.0.1:5432'.
Time : 2022.12.27 13:52:54	dbug: 27.12.2022 13:52:54.588 RelationalEventId.ConnectionClosed[20003] (Microsoft.EntityFrameworkCore.Database.Connection) 
      Closed connection to database 'myDataBase' on server '' (5ms).
Time : 2022.12.27 13:52:54	dbug: 27.12.2022 13:52:54.593 RelationalEventId.ConnectionOpening[20000] (Microsoft.EntityFrameworkCore.Database.Connection) 
      Opening connection to database 'myDataBase' on server ''.
Time : 2022.12.27 13:52:54	dbug: 27.12.2022 13:52:54.644 RelationalEventId.ConnectionOpened[20001] (Microsoft.EntityFrameworkCore.Database.Connection) 
      Opened connection to database 'myDataBase' on server 'tcp://127.0.0.1:5432'.
Time : 2022.12.27 13:52:54	dbug: 27.12.2022 13:52:54.645 RelationalEventId.ConnectionClosing[20002] (Microsoft.EntityFrameworkCore.Database.Connection) 
      Closing connection to database 'myDataBase' on server 'tcp://127.0.0.1:5432'.
Time : 2022.12.27 13:52:54	dbug: 27.12.2022 13:52:54.658 RelationalEventId.ConnectionClosed[20003] (Microsoft.EntityFrameworkCore.Database.Connection) 
      Closed connection to database 'myDataBase' on server '' (13ms).
Time : 2022.12.27 13:52:54	dbug: 27.12.2022 13:52:54.667 RelationalEventId.CommandCreating[20103] (Microsoft.EntityFrameworkCore.Database.Command) 
      Creating DbCommand for 'ExecuteScalar'.
Time : 2022.12.27 13:52:54	dbug: 27.12.2022 13:52:54.675 RelationalEventId.CommandCreated[20104] (Microsoft.EntityFrameworkCore.Database.Command) 
      Created DbCommand for 'ExecuteScalar' (5ms).
Time : 2022.12.27 13:52:54	dbug: 27.12.2022 13:52:54.686 RelationalEventId.CommandInitialized[20106] (Microsoft.EntityFrameworkCore.Database.Command) 
      Initialized DbCommand for 'ExecuteScalar' (17ms).
Time : 2022.12.27 13:52:54	dbug: 27.12.2022 13:52:54.694 RelationalEventId.ConnectionOpening[20000] (Microsoft.EntityFrameworkCore.Database.Connection) 
      Opening connection to database 'myDataBase' on server ''.
Time : 2022.12.27 13:52:54	dbug: 27.12.2022 13:52:54.700 RelationalEventId.ConnectionOpened[20001] (Microsoft.EntityFrameworkCore.Database.Connection) 
      Opened connection to database 'myDataBase' on server 'tcp://127.0.0.1:5432'.
Time : 2022.12.27 13:52:54	dbug: 27.12.2022 13:52:54.708 RelationalEventId.CommandExecuting[20100] (Microsoft.EntityFrameworkCore.Database.Command) 
      Executing DbCommand [Parameters=[], CommandType='Text', CommandTimeout='30']
      SELECT EXISTS (SELECT 1 FROM pg_catalog.pg_class c JOIN pg_catalog.pg_namespace n ON n.oid=c.relnamespace WHERE c.relname='__EFMigrationsHistory');
Time : 2022.12.27 13:52:54	info: 27.12.2022 13:52:54.740 RelationalEventId.CommandExecuted[20101] (Microsoft.EntityFrameworkCore.Database.Command) 
      Executed DbCommand (39ms) [Parameters=[], CommandType='Text', CommandTimeout='30']
      SELECT EXISTS (SELECT 1 FROM pg_catalog.pg_class c JOIN pg_catalog.pg_namespace n ON n.oid=c.relnamespace WHERE c.relname='__EFMigrationsHistory');
Time : 2022.12.27 13:52:54	dbug: 27.12.2022 13:52:54.749 RelationalEventId.ConnectionClosing[20002] (Microsoft.EntityFrameworkCore.Database.Connection) 
      Closing connection to database 'myDataBase' on server 'tcp://127.0.0.1:5432'.
Time : 2022.12.27 13:52:54	dbug: 27.12.2022 13:52:54.756 RelationalEventId.ConnectionClosed[20003] (Microsoft.EntityFrameworkCore.Database.Connection) 
      Closed connection to database 'myDataBase' on server '' (6ms).
Time : 2022.12.27 13:52:54	dbug: 27.12.2022 13:52:54.782 RelationalEventId.CommandCreating[20103] (Microsoft.EntityFrameworkCore.Database.Command) 
      Creating DbCommand for 'ExecuteReader'.
Time : 2022.12.27 13:52:54	dbug: 27.12.2022 13:52:54.783 RelationalEventId.CommandCreated[20104] (Microsoft.EntityFrameworkCore.Database.Command) 
      Created DbCommand for 'ExecuteReader' (1ms).
Time : 2022.12.27 13:52:54	dbug: 27.12.2022 13:52:54.796 RelationalEventId.CommandInitialized[20106] (Microsoft.EntityFrameworkCore.Database.Command) 
      Initialized DbCommand for 'ExecuteReader' (12ms).
Time : 2022.12.27 13:52:54	dbug: 27.12.2022 13:52:54.797 RelationalEventId.ConnectionOpening[20000] (Microsoft.EntityFrameworkCore.Database.Connection) 
      Opening connection to database 'myDataBase' on server ''.
Time : 2022.12.27 13:52:54	dbug: 27.12.2022 13:52:54.802 RelationalEventId.ConnectionOpened[20001] (Microsoft.EntityFrameworkCore.Database.Connection) 
      Opened connection to database 'myDataBase' on server 'tcp://127.0.0.1:5432'.
Time : 2022.12.27 13:52:54	dbug: 27.12.2022 13:52:54.814 RelationalEventId.CommandExecuting[20100] (Microsoft.EntityFrameworkCore.Database.Command) 
      Executing DbCommand [Parameters=[], CommandType='Text', CommandTimeout='30']
      SELECT "MigrationId", "ProductVersion"
      FROM "__EFMigrationsHistory"
      ORDER BY "MigrationId";
Time : 2022.12.27 13:52:54	info: 27.12.2022 13:52:54.825 RelationalEventId.CommandExecuted[20101] (Microsoft.EntityFrameworkCore.Database.Command) 
      Executed DbCommand (16ms) [Parameters=[], CommandType='Text', CommandTimeout='30']
      SELECT "MigrationId", "ProductVersion"
      FROM "__EFMigrationsHistory"
      ORDER BY "MigrationId";
Time : 2022.12.27 13:52:54	dbug: 27.12.2022 13:52:54.843 RelationalEventId.DataReaderClosing[20301] (Microsoft.EntityFrameworkCore.Database.Command) 
      Closing data reader to 'myDataBase' on server 'tcp://127.0.0.1:5432'.
Time : 2022.12.27 13:52:54	dbug: 27.12.2022 13:52:54.850 RelationalEventId.DataReaderDisposing[20300] (Microsoft.EntityFrameworkCore.Database.Command) 
      A data reader for 'myDataBase' on server 'tcp://127.0.0.1:5432' is being disposed after spending 12ms reading results.
Time : 2022.12.27 13:52:54	dbug: 27.12.2022 13:52:54.856 RelationalEventId.ConnectionClosing[20002] (Microsoft.EntityFrameworkCore.Database.Connection) 
      Closing connection to database 'myDataBase' on server 'tcp://127.0.0.1:5432'.
Time : 2022.12.27 13:52:54	dbug: 27.12.2022 13:52:54.859 RelationalEventId.ConnectionClosed[20003] (Microsoft.EntityFrameworkCore.Database.Connection) 
      Closed connection to database 'myDataBase' on server '' (0ms).
Time : 2022.12.27 13:52:54	info: 27.12.2022 13:52:54.884 RelationalEventId.MigrationsNotApplied[20405] (Microsoft.EntityFrameworkCore.Migrations) 
      No migrations were applied. The database is already up to date.
Time : 2022.12.27 13:52:54	dbug: 27.12.2022 13:52:54.905 RelationalEventId.ConnectionOpening[20000] (Microsoft.EntityFrameworkCore.Database.Connection) 
      Opening connection to database 'myDataBase' on server ''.
Time : 2022.12.27 13:52:54	dbug: 27.12.2022 13:52:54.913 RelationalEventId.ConnectionOpened[20001] (Microsoft.EntityFrameworkCore.Database.Connection) 
      Opened connection to database 'myDataBase' on server 'tcp://127.0.0.1:5432'.
Time : 2022.12.27 13:52:54	dbug: 27.12.2022 13:52:54.922 RelationalEventId.TransactionStarting[20209] (Microsoft.EntityFrameworkCore.Database.Transaction) 
      Beginning transaction with isolation level 'Unspecified'.
Time : 2022.12.27 13:52:54	dbug: 27.12.2022 13:52:54.934 RelationalEventId.TransactionStarted[20200] (Microsoft.EntityFrameworkCore.Database.Transaction) 
      Began transaction with isolation level 'ReadCommitted'.
Time : 2022.12.27 13:52:54	dbug: 27.12.2022 13:52:54.967 CoreEventId.ValueGenerated[10808] (Microsoft.EntityFrameworkCore.ChangeTracking) 
      'cDatabaseContext' generated a temporary value for the property 'Id.cBlogEntity'. Consider using 'DbContextOptionsBuilder.EnableSensitiveDataLogging' to see key values.
Time : 2022.12.27 13:52:55	dbug: 27.12.2022 13:52:55.017 CoreEventId.StartedTracking[10806] (Microsoft.EntityFrameworkCore.ChangeTracking) 
      Context 'cDatabaseContext' started tracking 'cBlogEntity' entity. Consider using 'DbContextOptionsBuilder.EnableSensitiveDataLogging' to see key values.
Time : 2022.12.27 13:52:55	dbug: 27.12.2022 13:52:55.031 CoreEventId.ValueGenerated[10808] (Microsoft.EntityFrameworkCore.ChangeTracking) 
      'cDatabaseContext' generated a temporary value for the property 'Id.cPostEntity'. Consider using 'DbContextOptionsBuilder.EnableSensitiveDataLogging' to see key values.
Time : 2022.12.27 13:52:55	dbug: 27.12.2022 13:52:55.052 CoreEventId.ReferenceChangeDetected[10805] (Microsoft.EntityFrameworkCore.ChangeTracking) 
      The navigation 'cPostEntity.Blog' was detected as changed. Consider using 'DbContextOptionsBuilder.EnableSensitiveDataLogging' to see key values.
Time : 2022.12.27 13:52:55	dbug: 27.12.2022 13:52:55.067 CoreEventId.StartedTracking[10806] (Microsoft.EntityFrameworkCore.ChangeTracking) 
      Context 'cDatabaseContext' started tracking 'cPostEntity' entity. Consider using 'DbContextOptionsBuilder.EnableSensitiveDataLogging' to see key values.
Time : 2022.12.27 13:52:55	dbug: 27.12.2022 13:52:55.073 CoreEventId.ValueGenerated[10808] (Microsoft.EntityFrameworkCore.ChangeTracking) 
      'cDatabaseContext' generated a temporary value for the property 'Id.cPostEntity'. Consider using 'DbContextOptionsBuilder.EnableSensitiveDataLogging' to see key values.
Time : 2022.12.27 13:52:55	dbug: 27.12.2022 13:52:55.079 CoreEventId.ReferenceChangeDetected[10805] (Microsoft.EntityFrameworkCore.ChangeTracking) 
      The navigation 'cPostEntity.Blog' was detected as changed. Consider using 'DbContextOptionsBuilder.EnableSensitiveDataLogging' to see key values.
Time : 2022.12.27 13:52:55	dbug: 27.12.2022 13:52:55.264 CoreEventId.StartedTracking[10806] (Microsoft.EntityFrameworkCore.ChangeTracking) 
      Context 'cDatabaseContext' started tracking 'cPostEntity' entity. Consider using 'DbContextOptionsBuilder.EnableSensitiveDataLogging' to see key values.
Time : 2022.12.27 13:52:55	dbug: 27.12.2022 13:52:55.272 CoreEventId.SaveChangesStarting[10004] (Microsoft.EntityFrameworkCore.Update) 
      SaveChanges starting for 'cDatabaseContext'.
Time : 2022.12.27 13:52:55	dbug: 27.12.2022 13:52:55.281 CoreEventId.DetectChangesStarting[10800] (Microsoft.EntityFrameworkCore.ChangeTracking) 
      DetectChanges starting for 'cDatabaseContext'.
Time : 2022.12.27 13:52:55	dbug: 27.12.2022 13:52:55.300 CoreEventId.DetectChangesCompleted[10801] (Microsoft.EntityFrameworkCore.ChangeTracking) 
      DetectChanges completed for 'cDatabaseContext'.
Time : 2022.12.27 13:52:55	dbug: 27.12.2022 13:52:55.355 RelationalEventId.CreatingTransactionSavepoint[20212] (Microsoft.EntityFrameworkCore.Database.Transaction) 
      Creating transaction savepoint.
Time : 2022.12.27 13:52:55	dbug: 27.12.2022 13:52:55.362 RelationalEventId.CreatedTransactionSavepoint[20213] (Microsoft.EntityFrameworkCore.Database.Transaction) 
      Created transaction savepoint.
Time : 2022.12.27 13:52:55	dbug: 27.12.2022 13:52:55.371 RelationalEventId.CommandCreating[20103] (Microsoft.EntityFrameworkCore.Database.Command) 
      Creating DbCommand for 'ExecuteReader'.
Time : 2022.12.27 13:52:55	dbug: 27.12.2022 13:52:55.371 RelationalEventId.CommandCreated[20104] (Microsoft.EntityFrameworkCore.Database.Command) 
      Created DbCommand for 'ExecuteReader' (0ms).
Time : 2022.12.27 13:52:55	dbug: 27.12.2022 13:52:55.394 RelationalEventId.CommandInitialized[20106] (Microsoft.EntityFrameworkCore.Database.Command) 
      Initialized DbCommand for 'ExecuteReader' (23ms).
Time : 2022.12.27 13:52:55	dbug: 27.12.2022 13:52:55.400 RelationalEventId.CommandExecuting[20100] (Microsoft.EntityFrameworkCore.Database.Command) 
      Executing DbCommand [Parameters=[@p0='?' (DbType = DateTime), @p1='?' (DbType = DateTime), @p2='?'], CommandType='Text', CommandTimeout='30']
      INSERT INTO "Blogs" ("CreateDate", "UpdateDate", "Url")
      VALUES (@p0, @p1, @p2)
      RETURNING "Id";
Time : 2022.12.27 13:52:55	info: 27.12.2022 13:52:55.424 RelationalEventId.CommandExecuted[20101] (Microsoft.EntityFrameworkCore.Database.Command) 
      Executed DbCommand (30ms) [Parameters=[@p0='?' (DbType = DateTime), @p1='?' (DbType = DateTime), @p2='?'], CommandType='Text', CommandTimeout='30']
      INSERT INTO "Blogs" ("CreateDate", "UpdateDate", "Url")
      VALUES (@p0, @p1, @p2)
      RETURNING "Id";
Time : 2022.12.27 13:52:55	dbug: 27.12.2022 13:52:55.454 CoreEventId.ForeignKeyChangeDetected[10803] (Microsoft.EntityFrameworkCore.ChangeTracking) 
      The foreign key property 'cBlogEntity.Id' was detected as changed. Consider using 'DbContextOptionsBuilder.EnableSensitiveDataLogging' to see property values.
Time : 2022.12.27 13:52:55	dbug: 27.12.2022 13:52:55.469 CoreEventId.ForeignKeyChangeDetected[10803] (Microsoft.EntityFrameworkCore.ChangeTracking) 
      The foreign key property 'cPostEntity.BlogId' was detected as changed. Consider using 'DbContextOptionsBuilder.EnableSensitiveDataLogging' to see property values.
Time : 2022.12.27 13:52:55	dbug: 27.12.2022 13:52:55.477 CoreEventId.ForeignKeyChangeDetected[10803] (Microsoft.EntityFrameworkCore.ChangeTracking) 
      The foreign key property 'cPostEntity.BlogId' was detected as changed. Consider using 'DbContextOptionsBuilder.EnableSensitiveDataLogging' to see property values.
Time : 2022.12.27 13:52:55	dbug: 27.12.2022 13:52:55.485 RelationalEventId.DataReaderClosing[20301] (Microsoft.EntityFrameworkCore.Database.Command) 
      Closing data reader to 'myDataBase' on server 'tcp://127.0.0.1:5432'.
Time : 2022.12.27 13:52:55	dbug: 27.12.2022 13:52:55.498 RelationalEventId.DataReaderDisposing[20300] (Microsoft.EntityFrameworkCore.Database.Command) 
      A data reader for 'myDataBase' on server 'tcp://127.0.0.1:5432' is being disposed after spending 54ms reading results.
Time : 2022.12.27 13:52:55	dbug: 27.12.2022 13:52:55.513 RelationalEventId.BatchReadyForExecution[20700] (Microsoft.EntityFrameworkCore.Update) 
      Executing 2 update commands as a batch.
Time : 2022.12.27 13:52:55	dbug: 27.12.2022 13:52:55.519 RelationalEventId.CommandCreating[20103] (Microsoft.EntityFrameworkCore.Database.Command) 
      Creating DbCommand for 'ExecuteReader'.
Time : 2022.12.27 13:52:55	dbug: 27.12.2022 13:52:55.520 RelationalEventId.CommandCreated[20104] (Microsoft.EntityFrameworkCore.Database.Command) 
      Created DbCommand for 'ExecuteReader' (2ms).
Time : 2022.12.27 13:52:55	dbug: 27.12.2022 13:52:55.542 RelationalEventId.CommandInitialized[20106] (Microsoft.EntityFrameworkCore.Database.Command) 
      Initialized DbCommand for 'ExecuteReader' (24ms).
Time : 2022.12.27 13:52:55	dbug: 27.12.2022 13:52:55.552 RelationalEventId.CommandExecuting[20100] (Microsoft.EntityFrameworkCore.Database.Command) 
      Executing DbCommand [Parameters=[@p3='?' (DbType = Int32), @p4='?', @p5='?' (DbType = DateTime), @p6='?', @p7='?' (DbType = DateTime), @p8='?' (DbType = Int32), @p9='?', @p10='?' (DbType = DateTime), @p11='?', @p12='?' (DbType = DateTime)], CommandType='Text', CommandTimeout='30']
      INSERT INTO "Posts" ("BlogId", "Content", "CreateDate", "Title", "UpdateDate")
      VALUES (@p3, @p4, @p5, @p6, @p7)
      RETURNING "Id";
      INSERT INTO "Posts" ("BlogId", "Content", "CreateDate", "Title", "UpdateDate")
      VALUES (@p8, @p9, @p10, @p11, @p12)
      RETURNING "Id";
Time : 2022.12.27 13:52:55	info: 27.12.2022 13:52:55.570 RelationalEventId.CommandExecuted[20101] (Microsoft.EntityFrameworkCore.Database.Command) 
      Executed DbCommand (22ms) [Parameters=[@p3='?' (DbType = Int32), @p4='?', @p5='?' (DbType = DateTime), @p6='?', @p7='?' (DbType = DateTime), @p8='?' (DbType = Int32), @p9='?', @p10='?' (DbType = DateTime), @p11='?', @p12='?' (DbType = DateTime)], CommandType='Text', CommandTimeout='30']
      INSERT INTO "Posts" ("BlogId", "Content", "CreateDate", "Title", "UpdateDate")
      VALUES (@p3, @p4, @p5, @p6, @p7)
      RETURNING "Id";
      INSERT INTO "Posts" ("BlogId", "Content", "CreateDate", "Title", "UpdateDate")
      VALUES (@p8, @p9, @p10, @p11, @p12)
      RETURNING "Id";
Time : 2022.12.27 13:52:55	dbug: 27.12.2022 13:52:55.584 CoreEventId.ForeignKeyChangeDetected[10803] (Microsoft.EntityFrameworkCore.ChangeTracking) 
      The foreign key property 'cPostEntity.Id' was detected as changed. Consider using 'DbContextOptionsBuilder.EnableSensitiveDataLogging' to see property values.
Time : 2022.12.27 13:52:55	dbug: 27.12.2022 13:52:55.591 CoreEventId.ForeignKeyChangeDetected[10803] (Microsoft.EntityFrameworkCore.ChangeTracking) 
      The foreign key property 'cPostEntity.Id' was detected as changed. Consider using 'DbContextOptionsBuilder.EnableSensitiveDataLogging' to see property values.
Time : 2022.12.27 13:52:55	dbug: 27.12.2022 13:52:55.598 RelationalEventId.DataReaderClosing[20301] (Microsoft.EntityFrameworkCore.Database.Command) 
      Closing data reader to 'myDataBase' on server 'tcp://127.0.0.1:5432'.
Time : 2022.12.27 13:52:55	dbug: 27.12.2022 13:52:55.598 RelationalEventId.DataReaderDisposing[20300] (Microsoft.EntityFrameworkCore.Database.Command) 
      A data reader for 'myDataBase' on server 'tcp://127.0.0.1:5432' is being disposed after spending 15ms reading results.
Time : 2022.12.27 13:52:55	dbug: 27.12.2022 13:52:55.612 RelationalEventId.ReleasingTransactionSavepoint[20216] (Microsoft.EntityFrameworkCore.Database.Transaction) 
      Releasing transaction savepoint.
Time : 2022.12.27 13:52:55	dbug: 27.12.2022 13:52:55.620 RelationalEventId.ReleasedTransactionSavepoint[20217] (Microsoft.EntityFrameworkCore.Database.Transaction) 
      Released transaction savepoint.
Time : 2022.12.27 13:52:55	dbug: 27.12.2022 13:52:55.637 CoreEventId.StateChanged[10807] (Microsoft.EntityFrameworkCore.ChangeTracking) 
      An entity of type 'cBlogEntity' tracked by 'cDatabaseContext' changed state from 'Added' to 'Unchanged'. Consider using 'DbContextOptionsBuilder.EnableSensitiveDataLogging' to see key values.
Time : 2022.12.27 13:52:55	dbug: 27.12.2022 13:52:55.642 CoreEventId.StateChanged[10807] (Microsoft.EntityFrameworkCore.ChangeTracking) 
      An entity of type 'cPostEntity' tracked by 'cDatabaseContext' changed state from 'Added' to 'Unchanged'. Consider using 'DbContextOptionsBuilder.EnableSensitiveDataLogging' to see key values.
Time : 2022.12.27 13:52:55	dbug: 27.12.2022 13:52:55.651 CoreEventId.StateChanged[10807] (Microsoft.EntityFrameworkCore.ChangeTracking) 
      An entity of type 'cPostEntity' tracked by 'cDatabaseContext' changed state from 'Added' to 'Unchanged'. Consider using 'DbContextOptionsBuilder.EnableSensitiveDataLogging' to see key values.
Time : 2022.12.27 13:52:55	dbug: 27.12.2022 13:52:55.657 CoreEventId.SaveChangesCompleted[10005] (Microsoft.EntityFrameworkCore.Update) 
      SaveChanges completed for 'cDatabaseContext' with 3 entities written to the database.
Time : 2022.12.27 13:52:55	dbug: 27.12.2022 13:52:55.665 RelationalEventId.TransactionCommitting[20210] (Microsoft.EntityFrameworkCore.Database.Transaction) 
      Committing transaction.
Time : 2022.12.27 13:52:55	dbug: 27.12.2022 13:52:55.678 RelationalEventId.TransactionCommitted[20202] (Microsoft.EntityFrameworkCore.Database.Transaction) 
      Committed transaction.
Time : 2022.12.27 13:52:55	dbug: 27.12.2022 13:52:55.684 RelationalEventId.ConnectionClosing[20002] (Microsoft.EntityFrameworkCore.Database.Connection) 
      Closing connection to database 'myDataBase' on server 'tcp://127.0.0.1:5432'.
Time : 2022.12.27 13:52:55	dbug: 27.12.2022 13:52:55.690 RelationalEventId.ConnectionClosed[20003] (Microsoft.EntityFrameworkCore.Database.Connection) 
      Closed connection to database 'myDataBase' on server '' (5ms).
