Time : 2023.01.16 15:01:34	
Time : 2023.01.16 15:01:34	                   ↓↓                    
Time : 2023.01.16 15:01:34	RequestID : 638094780943224561_1
Time : 2023.01.16 15:01:34	ElapsedTime : 00:00:00.0025848
Time : 2023.01.16 15:01:34	//////////////////////////////////
Time : 2023.01.16 15:15:54	
Time : 2023.01.16 15:15:54	                   ↓↓                    
Time : 2023.01.16 15:15:54	RequestID : 638094789545876615_1
Time : 2023.01.16 15:15:54	ElapsedTime : 00:00:00.0027165
Time : 2023.01.16 15:15:54	//////////////////////////////////
Time : 2023.01.16 15:15:54	SELECT EXISTS (SELECT 1 FROM pg_catalog.pg_class c JOIN pg_catalog.pg_namespace n ON n.oid=c.relnamespace WHERE c.relname='__EFMigrationsHistory');
Time : 2023.01.16 15:15:54	                   ↓↓                    
Time : 2023.01.16 15:15:54	RequestID : 638094789546972381_2
Time : 2023.01.16 15:15:54	ElapsedTime : 00:00:00.0285060
Time : 2023.01.16 15:15:54	//////////////////////////////////
Time : 2023.01.16 15:15:54	
Time : 2023.01.16 15:15:54	                   ↓↓                    
Time : 2023.01.16 15:15:54	RequestID : 638094789547437456_3
Time : 2023.01.16 15:15:54	ElapsedTime : 00:00:00.0000769
Time : 2023.01.16 15:15:54	//////////////////////////////////
Time : 2023.01.16 15:15:54	SELECT EXISTS (SELECT 1 FROM pg_catalog.pg_class c JOIN pg_catalog.pg_namespace n ON n.oid=c.relnamespace WHERE c.relname='__EFMigrationsHistory');
Time : 2023.01.16 15:15:54	                   ↓↓                    
Time : 2023.01.16 15:15:54	RequestID : 638094789547520027_4
Time : 2023.01.16 15:15:54	ElapsedTime : 00:00:00.0036731
Time : 2023.01.16 15:15:54	//////////////////////////////////
Time : 2023.01.16 15:15:54	
Time : 2023.01.16 15:15:54	                   ↓↓                    
Time : 2023.01.16 15:15:54	RequestID : 638094789547778673_5
Time : 2023.01.16 15:15:54	ElapsedTime : 00:00:00.0000563
Time : 2023.01.16 15:15:54	//////////////////////////////////
Time : 2023.01.16 15:15:54	SELECT "MigrationId", "ProductVersion"
FROM "__EFMigrationsHistory"
ORDER BY "MigrationId";
Time : 2023.01.16 15:15:54	                   ↓↓                    
Time : 2023.01.16 15:15:54	RequestID : 638094789547864497_6
Time : 2023.01.16 15:15:54	ElapsedTime : 00:00:00.0047302
Time : 2023.01.16 15:15:54	//////////////////////////////////
Time : 2023.01.16 15:15:54	
Time : 2023.01.16 15:15:54	                   ↓↓                    
Time : 2023.01.16 15:15:54	RequestID : 638094789548839951_7
Time : 2023.01.16 15:15:54	ElapsedTime : 00:00:00.0000203
Time : 2023.01.16 15:15:54	//////////////////////////////////
Time : 2023.01.16 15:15:54	CREATE TABLE "BatchJobs" (
    "ID" integer GENERATED BY DEFAULT AS IDENTITY,
    "Code" text NOT NULL,
    "Name" text NOT NULL,
    "TimePeriodMilisecond" integer NOT NULL,
    "State" integer NOT NULL,
    "ExecuteFirstWithoutWait" boolean NOT NULL,
    "AutoAddExecution" boolean NOT NULL,
    "StopAfterFirstExecution" boolean NOT NULL,
    "MaxRetryCount" integer NOT NULL,
    "CreateDate" timestamp without time zone NOT NULL,
    "UpdateDate" timestamp without time zone NOT NULL,
    CONSTRAINT "PK_BatchJobs" PRIMARY KEY ("ID")
);

Time : 2023.01.16 15:15:54	                   ↓↓                    
Time : 2023.01.16 15:15:54	RequestID : 638094789549274882_8
Time : 2023.01.16 15:15:54	ElapsedTime : 00:00:00.0374994
Time : 2023.01.16 15:15:54	//////////////////////////////////
Time : 2023.01.16 15:15:54	
Time : 2023.01.16 15:15:54	                   ↓↓                    
Time : 2023.01.16 15:15:54	RequestID : 638094789549313593_9
Time : 2023.01.16 15:15:54	ElapsedTime : 00:00:00.0000856
Time : 2023.01.16 15:15:54	//////////////////////////////////
Time : 2023.01.16 15:15:54	CREATE TABLE "Languages" (
    "ID" integer GENERATED BY DEFAULT AS IDENTITY,
    "Name" text NOT NULL,
    "Code" text NOT NULL,
    "IconCode" text NOT NULL,
    "CreateDate" timestamp without time zone NOT NULL,
    "UpdateDate" timestamp without time zone NOT NULL,
    CONSTRAINT "PK_Languages" PRIMARY KEY ("ID")
);

Time : 2023.01.16 15:15:54	                   ↓↓                    
Time : 2023.01.16 15:15:54	RequestID : 638094789549514110_10
Time : 2023.01.16 15:15:54	ElapsedTime : 00:00:00.0147916
Time : 2023.01.16 15:15:54	//////////////////////////////////
Time : 2023.01.16 15:15:54	
Time : 2023.01.16 15:15:54	                   ↓↓                    
Time : 2023.01.16 15:15:54	RequestID : 638094789549520475_11
Time : 2023.01.16 15:15:54	ElapsedTime : 00:00:00.0000351
Time : 2023.01.16 15:15:54	//////////////////////////////////
Time : 2023.01.16 15:15:54	CREATE TABLE "UserDetails" (
    "ID" integer GENERATED BY DEFAULT AS IDENTITY,
    "Telephone" text NOT NULL,
    "Gender" integer NOT NULL,
    "DateOfBirth" timestamp without time zone NOT NULL,
    "CreateDate" timestamp without time zone NOT NULL,
    "UpdateDate" timestamp without time zone NOT NULL,
    CONSTRAINT "PK_UserDetails" PRIMARY KEY ("ID")
);

Time : 2023.01.16 15:15:54	                   ↓↓                    
Time : 2023.01.16 15:15:54	RequestID : 638094789549762806_12
Time : 2023.01.16 15:15:54	ElapsedTime : 00:00:00.0124734
Time : 2023.01.16 15:15:54	//////////////////////////////////
Time : 2023.01.16 15:15:54	
Time : 2023.01.16 15:15:54	                   ↓↓                    
Time : 2023.01.16 15:15:54	RequestID : 638094789549769392_13
Time : 2023.01.16 15:15:54	ElapsedTime : 00:00:00.0000332
Time : 2023.01.16 15:15:54	//////////////////////////////////
Time : 2023.01.16 15:15:55	CREATE TABLE "BatchJobExecutions" (
    "ID" integer GENERATED BY DEFAULT AS IDENTITY,
    "ParameterObjects" text NOT NULL,
    "State" integer NOT NULL,
    "Exception" text NOT NULL,
    "Result" text NOT NULL,
    "CurrentTryCount" integer NOT NULL,
    "ExecutionTime" timestamp without time zone NOT NULL,
    "ElapsedTimeMilisecond" integer NOT NULL,
    "BatchJobID" integer NOT NULL,
    "CreateDate" timestamp without time zone NOT NULL,
    "UpdateDate" timestamp without time zone NOT NULL,
    CONSTRAINT "PK_BatchJobExecutions" PRIMARY KEY ("ID"),
    CONSTRAINT "FK_BatchJobExecutions_BatchJobs_BatchJobID" FOREIGN KEY ("BatchJobID") REFERENCES "BatchJobs" ("ID") ON DELETE CASCADE
);

Time : 2023.01.16 15:15:55	                   ↓↓                    
Time : 2023.01.16 15:15:55	RequestID : 638094789550037486_14
Time : 2023.01.16 15:15:55	ElapsedTime : 00:00:00.0236401
Time : 2023.01.16 15:15:55	//////////////////////////////////
Time : 2023.01.16 15:15:55	
Time : 2023.01.16 15:15:55	                   ↓↓                    
Time : 2023.01.16 15:15:55	RequestID : 638094789550096251_15
Time : 2023.01.16 15:15:55	ElapsedTime : 00:00:00.0001310
Time : 2023.01.16 15:15:55	//////////////////////////////////
Time : 2023.01.16 15:15:55	CREATE TABLE "LanguageWords" (
    "ID" integer GENERATED BY DEFAULT AS IDENTITY,
    "Code" text NOT NULL,
    "Word" text NOT NULL,
    "Description" text NOT NULL,
    "ParamCount" integer NOT NULL,
    "CheckSum" text NOT NULL,
    "cLanguageEntityID" integer NULL,
    "CreateDate" timestamp without time zone NOT NULL,
    "UpdateDate" timestamp without time zone NOT NULL,
    CONSTRAINT "PK_LanguageWords" PRIMARY KEY ("ID"),
    CONSTRAINT "FK_LanguageWords_Languages_cLanguageEntityID" FOREIGN KEY ("cLanguageEntityID") REFERENCES "Languages" ("ID")
);

Time : 2023.01.16 15:15:55	                   ↓↓                    
Time : 2023.01.16 15:15:55	RequestID : 638094789550297625_16
Time : 2023.01.16 15:15:55	ElapsedTime : 00:00:00.0192698
Time : 2023.01.16 15:15:55	//////////////////////////////////
Time : 2023.01.16 15:15:55	
Time : 2023.01.16 15:15:55	                   ↓↓                    
Time : 2023.01.16 15:15:55	RequestID : 638094789550304716_17
Time : 2023.01.16 15:15:55	ElapsedTime : 00:00:00.0000977
Time : 2023.01.16 15:15:55	//////////////////////////////////
Time : 2023.01.16 15:15:55	CREATE TABLE "Users" (
    "ID" integer GENERATED BY DEFAULT AS IDENTITY,
    "Name" text NOT NULL,
    "Surname" text NOT NULL,
    "Email" text NOT NULL,
    "Password" text NOT NULL,
    "Language" text NOT NULL,
    "State" integer NOT NULL,
    "UserDetailID" integer NOT NULL,
    "CreateDate" timestamp without time zone NOT NULL,
    "UpdateDate" timestamp without time zone NOT NULL,
    CONSTRAINT "PK_Users" PRIMARY KEY ("ID"),
    CONSTRAINT "FK_Users_UserDetails_UserDetailID" FOREIGN KEY ("UserDetailID") REFERENCES "UserDetails" ("ID") ON DELETE CASCADE
);

Time : 2023.01.16 15:15:55	                   ↓↓                    
Time : 2023.01.16 15:15:55	RequestID : 638094789550512459_18
Time : 2023.01.16 15:15:55	ElapsedTime : 00:00:00.0112406
Time : 2023.01.16 15:15:55	//////////////////////////////////
Time : 2023.01.16 15:15:55	
Time : 2023.01.16 15:15:55	                   ↓↓                    
Time : 2023.01.16 15:15:55	RequestID : 638094789550550776_19
Time : 2023.01.16 15:15:55	ElapsedTime : 00:00:00.0030322
Time : 2023.01.16 15:15:55	//////////////////////////////////
Time : 2023.01.16 15:15:55	CREATE TABLE "Roles" (
    "ID" integer GENERATED BY DEFAULT AS IDENTITY,
    "Name" text NOT NULL,
    "Code" text NOT NULL,
    "cUserEntityID" integer NULL,
    "CreateDate" timestamp without time zone NOT NULL,
    "UpdateDate" timestamp without time zone NOT NULL,
    CONSTRAINT "PK_Roles" PRIMARY KEY ("ID"),
    CONSTRAINT "FK_Roles_Users_cUserEntityID" FOREIGN KEY ("cUserEntityID") REFERENCES "Users" ("ID")
);

Time : 2023.01.16 15:15:55	                   ↓↓                    
Time : 2023.01.16 15:15:55	RequestID : 638094789550779663_20
Time : 2023.01.16 15:15:55	ElapsedTime : 00:00:00.0220010
Time : 2023.01.16 15:15:55	//////////////////////////////////
Time : 2023.01.16 15:15:55	
Time : 2023.01.16 15:15:55	                   ↓↓                    
Time : 2023.01.16 15:15:55	RequestID : 638094789550826398_21
Time : 2023.01.16 15:15:55	ElapsedTime : 00:00:00.0040638
Time : 2023.01.16 15:15:55	//////////////////////////////////
Time : 2023.01.16 15:15:55	CREATE TABLE "Sessions" (
    "ID" integer GENERATED BY DEFAULT AS IDENTITY,
    "SessionHash" text NOT NULL,
    "IpAddress" text NOT NULL,
    "UserID" integer NOT NULL,
    "CreateDate" timestamp without time zone NOT NULL,
    "UpdateDate" timestamp without time zone NOT NULL,
    CONSTRAINT "PK_Sessions" PRIMARY KEY ("ID"),
    CONSTRAINT "FK_Sessions_Users_UserID" FOREIGN KEY ("UserID") REFERENCES "Users" ("ID") ON DELETE CASCADE
);

Time : 2023.01.16 15:15:55	                   ↓↓                    
Time : 2023.01.16 15:15:55	RequestID : 638094789551095606_22
Time : 2023.01.16 15:15:55	ElapsedTime : 00:00:00.0260255
Time : 2023.01.16 15:15:55	//////////////////////////////////
Time : 2023.01.16 15:15:55	
Time : 2023.01.16 15:15:55	                   ↓↓                    
Time : 2023.01.16 15:15:55	RequestID : 638094789551111122_23
Time : 2023.01.16 15:15:55	ElapsedTime : 00:00:00.0001068
Time : 2023.01.16 15:15:55	//////////////////////////////////
Time : 2023.01.16 15:15:55	CREATE INDEX "IX_BatchJobExecutions_BatchJobID" ON "BatchJobExecutions" ("BatchJobID");

Time : 2023.01.16 15:15:55	                   ↓↓                    
Time : 2023.01.16 15:15:55	RequestID : 638094789551250004_24
Time : 2023.01.16 15:15:55	ElapsedTime : 00:00:00.0054619
Time : 2023.01.16 15:15:55	//////////////////////////////////
Time : 2023.01.16 15:15:55	
Time : 2023.01.16 15:15:55	                   ↓↓                    
Time : 2023.01.16 15:15:55	RequestID : 638094789551255011_25
Time : 2023.01.16 15:15:55	ElapsedTime : 00:00:00.0000390
Time : 2023.01.16 15:15:55	//////////////////////////////////
Time : 2023.01.16 15:15:55	CREATE INDEX "IX_LanguageWords_cLanguageEntityID" ON "LanguageWords" ("cLanguageEntityID");

Time : 2023.01.16 15:15:55	                   ↓↓                    
Time : 2023.01.16 15:15:55	RequestID : 638094789551348149_26
Time : 2023.01.16 15:15:55	ElapsedTime : 00:00:00.0060033
Time : 2023.01.16 15:15:55	//////////////////////////////////
Time : 2023.01.16 15:15:55	
Time : 2023.01.16 15:15:55	                   ↓↓                    
Time : 2023.01.16 15:15:55	RequestID : 638094789551361795_27
Time : 2023.01.16 15:15:55	ElapsedTime : 00:00:00.0000985
Time : 2023.01.16 15:15:55	//////////////////////////////////
Time : 2023.01.16 15:15:55	CREATE INDEX "IX_Roles_cUserEntityID" ON "Roles" ("cUserEntityID");

Time : 2023.01.16 15:15:55	                   ↓↓                    
Time : 2023.01.16 15:15:55	RequestID : 638094789551593401_28
Time : 2023.01.16 15:15:55	ElapsedTime : 00:00:00.0089007
Time : 2023.01.16 15:15:55	//////////////////////////////////
Time : 2023.01.16 15:15:55	
Time : 2023.01.16 15:15:55	                   ↓↓                    
Time : 2023.01.16 15:15:55	RequestID : 638094789551639212_29
Time : 2023.01.16 15:15:55	ElapsedTime : 00:00:00.0001308
Time : 2023.01.16 15:15:55	//////////////////////////////////
Time : 2023.01.16 15:15:55	CREATE INDEX "IX_Sessions_UserID" ON "Sessions" ("UserID");

Time : 2023.01.16 15:15:55	                   ↓↓                    
Time : 2023.01.16 15:15:55	RequestID : 638094789551741655_30
Time : 2023.01.16 15:15:55	ElapsedTime : 00:00:00.0062072
Time : 2023.01.16 15:15:55	//////////////////////////////////
Time : 2023.01.16 15:15:55	
Time : 2023.01.16 15:15:55	                   ↓↓                    
Time : 2023.01.16 15:15:55	RequestID : 638094789551746949_31
Time : 2023.01.16 15:15:55	ElapsedTime : 00:00:00.0000354
Time : 2023.01.16 15:15:55	//////////////////////////////////
Time : 2023.01.16 15:15:55	CREATE INDEX "IX_Users_UserDetailID" ON "Users" ("UserDetailID");

Time : 2023.01.16 15:15:55	                   ↓↓                    
Time : 2023.01.16 15:15:55	RequestID : 638094789551882542_32
Time : 2023.01.16 15:15:55	ElapsedTime : 00:00:00.0061346
Time : 2023.01.16 15:15:55	//////////////////////////////////
Time : 2023.01.16 15:15:55	
Time : 2023.01.16 15:15:55	                   ↓↓                    
Time : 2023.01.16 15:15:55	RequestID : 638094789551888066_33
Time : 2023.01.16 15:15:55	ElapsedTime : 00:00:00.0000322
Time : 2023.01.16 15:15:55	//////////////////////////////////
Time : 2023.01.16 15:15:55	INSERT INTO "__EFMigrationsHistory" ("MigrationId", "ProductVersion")
VALUES ('20230116115904_V1', '7.0.2');

Time : 2023.01.16 15:15:55	                   ↓↓                    
Time : 2023.01.16 15:15:55	RequestID : 638094789552028883_34
Time : 2023.01.16 15:15:55	ElapsedTime : 00:00:00.0091449
Time : 2023.01.16 15:15:55	//////////////////////////////////
Time : 2023.01.16 15:16:30	
Time : 2023.01.16 15:16:30	                   ↓↓                    
Time : 2023.01.16 15:16:30	RequestID : 638094789900389939_35
Time : 2023.01.16 15:16:30	ElapsedTime : 00:00:00.0034115
Time : 2023.01.16 15:16:30	//////////////////////////////////
Time : 2023.01.16 15:16:30	SELECT b."ID", b."AutoAddExecution", b."Code", b."CreateDate", b."ExecuteFirstWithoutWait", b."MaxRetryCount", b."Name", b."State", b."StopAfterFirstExecution", b."TimePeriodMilisecond", b."UpdateDate"
FROM "BatchJobs" AS b
Time : 2023.01.16 15:16:30	                   ↓↓                    
Time : 2023.01.16 15:16:30	RequestID : 638094789901101621_36
Time : 2023.01.16 15:16:30	ElapsedTime : 00:00:00.0655687
Time : 2023.01.16 15:16:30	//////////////////////////////////
Time : 2023.01.16 15:16:55	
Time : 2023.01.16 15:16:55	                   ↓↓                    
Time : 2023.01.16 15:16:55	RequestID : 638094790153882729_37
Time : 2023.01.16 15:16:55	ElapsedTime : 00:00:00.0001079
Time : 2023.01.16 15:16:55	//////////////////////////////////
Time : 2023.01.16 15:16:55	SELECT b."ID", b."AutoAddExecution", b."Code", b."CreateDate", b."ExecuteFirstWithoutWait", b."MaxRetryCount", b."Name", b."State", b."StopAfterFirstExecution", b."TimePeriodMilisecond", b."UpdateDate"
FROM "BatchJobs" AS b
Time : 2023.01.16 15:16:55	                   ↓↓                    
Time : 2023.01.16 15:16:55	RequestID : 638094790153969925_38
Time : 2023.01.16 15:16:55	ElapsedTime : 00:00:00.0066113
Time : 2023.01.16 15:16:55	//////////////////////////////////
Time : 2023.01.16 15:17:20	
Time : 2023.01.16 15:17:20	                   ↓↓                    
Time : 2023.01.16 15:17:20	RequestID : 638094790407364431_39
Time : 2023.01.16 15:17:20	ElapsedTime : 00:00:00.0000527
Time : 2023.01.16 15:17:20	//////////////////////////////////
Time : 2023.01.16 15:17:20	SELECT b."ID", b."AutoAddExecution", b."Code", b."CreateDate", b."ExecuteFirstWithoutWait", b."MaxRetryCount", b."Name", b."State", b."StopAfterFirstExecution", b."TimePeriodMilisecond", b."UpdateDate"
FROM "BatchJobs" AS b
Time : 2023.01.16 15:17:20	                   ↓↓                    
Time : 2023.01.16 15:17:20	RequestID : 638094790407535516_40
Time : 2023.01.16 15:17:20	ElapsedTime : 00:00:00.0084099
Time : 2023.01.16 15:17:20	//////////////////////////////////
Time : 2023.01.16 15:19:16	
Time : 2023.01.16 15:19:16	                   ↓↓                    
Time : 2023.01.16 15:19:16	RequestID : 638094791568443967_1
Time : 2023.01.16 15:19:16	ElapsedTime : 00:00:00.0031347
Time : 2023.01.16 15:19:16	//////////////////////////////////
Time : 2023.01.16 15:19:16	SELECT EXISTS (SELECT 1 FROM pg_catalog.pg_class c JOIN pg_catalog.pg_namespace n ON n.oid=c.relnamespace WHERE c.relname='__EFMigrationsHistory');
Time : 2023.01.16 15:19:16	                   ↓↓                    
Time : 2023.01.16 15:19:16	RequestID : 638094791569706753_2
Time : 2023.01.16 15:19:16	ElapsedTime : 00:00:00.0263023
Time : 2023.01.16 15:19:16	//////////////////////////////////
Time : 2023.01.16 15:19:17	
Time : 2023.01.16 15:19:17	                   ↓↓                    
Time : 2023.01.16 15:19:17	RequestID : 638094791570358531_3
Time : 2023.01.16 15:19:17	ElapsedTime : 00:00:00.0001243
Time : 2023.01.16 15:19:17	//////////////////////////////////
Time : 2023.01.16 15:19:17	SELECT EXISTS (SELECT 1 FROM pg_catalog.pg_class c JOIN pg_catalog.pg_namespace n ON n.oid=c.relnamespace WHERE c.relname='__EFMigrationsHistory');
Time : 2023.01.16 15:19:17	                   ↓↓                    
Time : 2023.01.16 15:19:17	RequestID : 638094791570447431_4
Time : 2023.01.16 15:19:17	ElapsedTime : 00:00:00.0014252
Time : 2023.01.16 15:19:17	//////////////////////////////////
Time : 2023.01.16 15:19:17	
Time : 2023.01.16 15:19:17	                   ↓↓                    
Time : 2023.01.16 15:19:17	RequestID : 638094791570734358_5
Time : 2023.01.16 15:19:17	ElapsedTime : 00:00:00.0000581
Time : 2023.01.16 15:19:17	//////////////////////////////////
Time : 2023.01.16 15:19:17	SELECT "MigrationId", "ProductVersion"
FROM "__EFMigrationsHistory"
ORDER BY "MigrationId";
Time : 2023.01.16 15:19:17	                   ↓↓                    
Time : 2023.01.16 15:19:17	RequestID : 638094791570880756_6
Time : 2023.01.16 15:19:17	ElapsedTime : 00:00:00.0063982
Time : 2023.01.16 15:19:17	//////////////////////////////////
Time : 2023.01.16 15:20:16	
Time : 2023.01.16 15:20:16	                   ↓↓                    
Time : 2023.01.16 15:20:16	RequestID : 638094792167344386_7
Time : 2023.01.16 15:20:16	ElapsedTime : 00:00:00.0001749
Time : 2023.01.16 15:20:16	//////////////////////////////////
Time : 2023.01.16 15:20:16	SELECT b."ID", b."AutoAddExecution", b."Code", b."CreateDate", b."ExecuteFirstWithoutWait", b."MaxRetryCount", b."Name", b."State", b."StopAfterFirstExecution", b."TimePeriodMilisecond", b."UpdateDate"
FROM "BatchJobs" AS b
Time : 2023.01.16 15:20:16	                   ↓↓                    
Time : 2023.01.16 15:20:16	RequestID : 638094792167781591_8
Time : 2023.01.16 15:20:16	ElapsedTime : 00:00:00.0389357
Time : 2023.01.16 15:20:16	//////////////////////////////////
Time : 2023.01.16 15:23:31	
Time : 2023.01.16 15:23:31	                   ↓↓                    
Time : 2023.01.16 15:23:31	RequestID : 638094794119325858_1
Time : 2023.01.16 15:23:31	ElapsedTime : 00:00:00.0039634
Time : 2023.01.16 15:23:31	//////////////////////////////////
Time : 2023.01.16 15:23:32	SELECT EXISTS (SELECT 1 FROM pg_catalog.pg_class c JOIN pg_catalog.pg_namespace n ON n.oid=c.relnamespace WHERE c.relname='__EFMigrationsHistory');
Time : 2023.01.16 15:23:32	                   ↓↓                    
Time : 2023.01.16 15:23:32	RequestID : 638094794120259282_2
Time : 2023.01.16 15:23:32	ElapsedTime : 00:00:00.0253042
Time : 2023.01.16 15:23:32	//////////////////////////////////
Time : 2023.01.16 15:23:32	
Time : 2023.01.16 15:23:32	                   ↓↓                    
Time : 2023.01.16 15:23:32	RequestID : 638094794120720466_3
Time : 2023.01.16 15:23:32	ElapsedTime : 00:00:00.0000669
Time : 2023.01.16 15:23:32	//////////////////////////////////
Time : 2023.01.16 15:23:32	SELECT EXISTS (SELECT 1 FROM pg_catalog.pg_class c JOIN pg_catalog.pg_namespace n ON n.oid=c.relnamespace WHERE c.relname='__EFMigrationsHistory');
Time : 2023.01.16 15:23:32	                   ↓↓                    
Time : 2023.01.16 15:23:32	RequestID : 638094794120772422_4
Time : 2023.01.16 15:23:32	ElapsedTime : 00:00:00.0009260
Time : 2023.01.16 15:23:32	//////////////////////////////////
Time : 2023.01.16 15:23:32	
Time : 2023.01.16 15:23:32	                   ↓↓                    
Time : 2023.01.16 15:23:32	RequestID : 638094794121020853_5
Time : 2023.01.16 15:23:32	ElapsedTime : 00:00:00.0000485
Time : 2023.01.16 15:23:32	//////////////////////////////////
Time : 2023.01.16 15:23:32	SELECT "MigrationId", "ProductVersion"
FROM "__EFMigrationsHistory"
ORDER BY "MigrationId";
Time : 2023.01.16 15:23:32	                   ↓↓                    
Time : 2023.01.16 15:23:32	RequestID : 638094794121126731_6
Time : 2023.01.16 15:23:32	ElapsedTime : 00:00:00.0054656
Time : 2023.01.16 15:23:32	//////////////////////////////////
Time : 2023.01.16 15:43:15	
Time : 2023.01.16 15:43:15	                   ↓↓                    
Time : 2023.01.16 15:43:15	RequestID : 638094805951075722_1
Time : 2023.01.16 15:43:15	ElapsedTime : 00:00:00.0023261
Time : 2023.01.16 15:43:15	//////////////////////////////////
Time : 2023.01.16 15:43:15	SELECT EXISTS (SELECT 1 FROM pg_catalog.pg_class c JOIN pg_catalog.pg_namespace n ON n.oid=c.relnamespace WHERE c.relname='__EFMigrationsHistory');
Time : 2023.01.16 15:43:15	                   ↓↓                    
Time : 2023.01.16 15:43:15	RequestID : 638094805952062555_2
Time : 2023.01.16 15:43:15	ElapsedTime : 00:00:00.0263819
Time : 2023.01.16 15:43:15	//////////////////////////////////
Time : 2023.01.16 15:43:15	
Time : 2023.01.16 15:43:15	                   ↓↓                    
Time : 2023.01.16 15:43:15	RequestID : 638094805952574995_3
Time : 2023.01.16 15:43:15	ElapsedTime : 00:00:00.0000644
Time : 2023.01.16 15:43:15	//////////////////////////////////
Time : 2023.01.16 15:43:15	SELECT EXISTS (SELECT 1 FROM pg_catalog.pg_class c JOIN pg_catalog.pg_namespace n ON n.oid=c.relnamespace WHERE c.relname='__EFMigrationsHistory');
Time : 2023.01.16 15:43:15	                   ↓↓                    
Time : 2023.01.16 15:43:15	RequestID : 638094805952668714_4
Time : 2023.01.16 15:43:15	ElapsedTime : 00:00:00.0041514
Time : 2023.01.16 15:43:15	//////////////////////////////////
Time : 2023.01.16 15:43:15	
Time : 2023.01.16 15:43:15	                   ↓↓                    
Time : 2023.01.16 15:43:15	RequestID : 638094805952936535_5
Time : 2023.01.16 15:43:15	ElapsedTime : 00:00:00.0000635
Time : 2023.01.16 15:43:15	//////////////////////////////////
Time : 2023.01.16 15:43:15	SELECT "MigrationId", "ProductVersion"
FROM "__EFMigrationsHistory"
ORDER BY "MigrationId";
Time : 2023.01.16 15:43:15	                   ↓↓                    
Time : 2023.01.16 15:43:15	RequestID : 638094805953043869_6
Time : 2023.01.16 15:43:15	ElapsedTime : 00:00:00.0086729
Time : 2023.01.16 15:43:15	//////////////////////////////////
