Time : 2022.12.26 09:05:23	
Time : 2022.12.26 09:05:23	                   ↓↓                    
Time : 2022.12.26 09:05:23	RequestID : Console
Time : 2022.12.26 09:05:23	ElapsedTime : 00:00:00.0028269
Time : 2022.12.26 09:05:23	//////////////////////////////////
Time : 2022.12.26 09:05:26	SELECT EXISTS (SELECT 1 FROM pg_catalog.pg_class c JOIN pg_catalog.pg_namespace n ON n.oid=c.relnamespace WHERE c.relname='__EFMigrationsHistory');
Time : 2022.12.26 09:05:26	                   ↓↓                    
Time : 2022.12.26 09:05:26	RequestID : Console
Time : 2022.12.26 09:05:26	ElapsedTime : 00:00:00.0370865
Time : 2022.12.26 09:05:26	//////////////////////////////////
Time : 2022.12.26 09:05:29	
Time : 2022.12.26 09:05:29	                   ↓↓                    
Time : 2022.12.26 09:05:29	RequestID : Console
Time : 2022.12.26 09:05:29	ElapsedTime : 00:00:00.0002164
Time : 2022.12.26 09:05:29	//////////////////////////////////
Time : 2022.12.26 09:05:29	SELECT EXISTS (SELECT 1 FROM pg_catalog.pg_class c JOIN pg_catalog.pg_namespace n ON n.oid=c.relnamespace WHERE c.relname='__EFMigrationsHistory');
Time : 2022.12.26 09:05:29	                   ↓↓                    
Time : 2022.12.26 09:05:29	RequestID : Console
Time : 2022.12.26 09:05:29	ElapsedTime : 00:00:00.0056999
Time : 2022.12.26 09:05:29	//////////////////////////////////
Time : 2022.12.26 09:05:29	
Time : 2022.12.26 09:05:29	                   ↓↓                    
Time : 2022.12.26 09:05:29	RequestID : Console
Time : 2022.12.26 09:05:29	ElapsedTime : 00:00:00.0001932
Time : 2022.12.26 09:05:29	//////////////////////////////////
Time : 2022.12.26 09:05:29	SELECT "MigrationId", "ProductVersion"
FROM "__EFMigrationsHistory"
ORDER BY "MigrationId";
Time : 2022.12.26 09:05:29	                   ↓↓                    
Time : 2022.12.26 09:05:29	RequestID : Console
Time : 2022.12.26 09:05:29	ElapsedTime : 00:00:00.0097145
Time : 2022.12.26 09:05:29	//////////////////////////////////
Time : 2022.12.26 09:05:29	
Time : 2022.12.26 09:05:29	                   ↓↓                    
Time : 2022.12.26 09:05:29	RequestID : Console
Time : 2022.12.26 09:05:29	ElapsedTime : 00:00:00.0001656
Time : 2022.12.26 09:05:29	//////////////////////////////////
Time : 2022.12.26 09:05:31	INSERT INTO "Blogs" ("CreateDate", "UpdateDate", "Url")
VALUES (@p0, @p1, @p2)
RETURNING "Id";

Time : 2022.12.26 09:05:31	//////////// PARAMETERS ///////////
Time : 2022.12.26 09:05:31		@p0	:	26.12.2022 09:05:29
Time : 2022.12.26 09:05:31		@p1	:	26.12.2022 09:05:29
Time : 2022.12.26 09:05:31		@p2	:	http://sample.com
Time : 2022.12.26 09:05:31	/////////////////////////////////// 
Time : 2022.12.26 09:05:31	                   ↓↓                    
Time : 2022.12.26 09:05:31	RequestID : Console
Time : 2022.12.26 09:05:31	ElapsedTime : 00:00:00.0196253
Time : 2022.12.26 09:05:31	//////////////////////////////////
Time : 2022.12.26 09:05:31	
Time : 2022.12.26 09:05:31	                   ↓↓                    
Time : 2022.12.26 09:05:31	RequestID : Console
Time : 2022.12.26 09:05:31	ElapsedTime : 00:00:00.0002402
Time : 2022.12.26 09:05:31	//////////////////////////////////
Time : 2022.12.26 09:05:31	INSERT INTO "Posts" ("BlogId", "Content", "CreateDate", "Title", "UpdateDate")
VALUES (@p3, @p4, @p5, @p6, @p7)
RETURNING "Id";
INSERT INTO "Posts" ("BlogId", "Content", "CreateDate", "Title", "UpdateDate")
VALUES (@p8, @p9, @p10, @p11, @p12)
RETURNING "Id";

Time : 2022.12.26 09:05:31	//////////// PARAMETERS ///////////
Time : 2022.12.26 09:05:31		@p3	:	8
Time : 2022.12.26 09:05:31		@p4	:	test
Time : 2022.12.26 09:05:31		@p5	:	26.12.2022 09:05:29
Time : 2022.12.26 09:05:31		@p6	:	Test
Time : 2022.12.26 09:05:31		@p7	:	26.12.2022 09:05:29
Time : 2022.12.26 09:05:31		@p8	:	8
Time : 2022.12.26 09:05:31		@p9	:	test
Time : 2022.12.26 09:05:31		@p10	:	26.12.2022 09:05:29
Time : 2022.12.26 09:05:31		@p11	:	Test
Time : 2022.12.26 09:05:31		@p12	:	26.12.2022 09:05:29
Time : 2022.12.26 09:05:31	/////////////////////////////////// 
Time : 2022.12.26 09:05:31	                   ↓↓                    
Time : 2022.12.26 09:05:31	RequestID : Console
Time : 2022.12.26 09:05:31	ElapsedTime : 00:00:00.0160883
Time : 2022.12.26 09:05:31	//////////////////////////////////
Time : 2022.12.26 09:05:37	
Time : 2022.12.26 09:05:37	                   ↓↓                    
Time : 2022.12.26 09:05:37	RequestID : Console
Time : 2022.12.26 09:05:37	ElapsedTime : 00:00:00.0026275
Time : 2022.12.26 09:05:37	//////////////////////////////////
Time : 2022.12.26 09:05:37	SELECT EXISTS (SELECT 1 FROM pg_catalog.pg_class c JOIN pg_catalog.pg_namespace n ON n.oid=c.relnamespace WHERE c.relname='__EFMigrationsHistory');
Time : 2022.12.26 09:05:37	                   ↓↓                    
Time : 2022.12.26 09:05:37	RequestID : Console
Time : 2022.12.26 09:05:37	ElapsedTime : 00:00:00.0310284
Time : 2022.12.26 09:05:37	//////////////////////////////////
Time : 2022.12.26 09:05:37	
Time : 2022.12.26 09:05:37	                   ↓↓                    
Time : 2022.12.26 09:05:37	RequestID : Console
Time : 2022.12.26 09:05:37	ElapsedTime : 00:00:00.0002819
Time : 2022.12.26 09:05:37	//////////////////////////////////
Time : 2022.12.26 09:05:37	SELECT EXISTS (SELECT 1 FROM pg_catalog.pg_class c JOIN pg_catalog.pg_namespace n ON n.oid=c.relnamespace WHERE c.relname='__EFMigrationsHistory');
Time : 2022.12.26 09:05:37	                   ↓↓                    
Time : 2022.12.26 09:05:37	RequestID : Console
Time : 2022.12.26 09:05:37	ElapsedTime : 00:00:00.0039809
Time : 2022.12.26 09:05:37	//////////////////////////////////
Time : 2022.12.26 09:05:37	
Time : 2022.12.26 09:05:37	                   ↓↓                    
Time : 2022.12.26 09:05:37	RequestID : Console
Time : 2022.12.26 09:05:37	ElapsedTime : 00:00:00.0001295
Time : 2022.12.26 09:05:37	//////////////////////////////////
Time : 2022.12.26 09:05:37	SELECT "MigrationId", "ProductVersion"
FROM "__EFMigrationsHistory"
ORDER BY "MigrationId";
Time : 2022.12.26 09:05:37	                   ↓↓                    
Time : 2022.12.26 09:05:37	RequestID : Console
Time : 2022.12.26 09:05:37	ElapsedTime : 00:00:00.0058346
Time : 2022.12.26 09:05:37	//////////////////////////////////
Time : 2022.12.26 09:05:37	
Time : 2022.12.26 09:05:37	                   ↓↓                    
Time : 2022.12.26 09:05:37	RequestID : Console
Time : 2022.12.26 09:05:37	ElapsedTime : 00:00:00.0006781
Time : 2022.12.26 09:05:37	//////////////////////////////////
Time : 2022.12.26 09:05:37	INSERT INTO "Blogs" ("CreateDate", "UpdateDate", "Url")
VALUES (@p0, @p1, @p2)
RETURNING "Id";

Time : 2022.12.26 09:05:37	//////////// PARAMETERS ///////////
Time : 2022.12.26 09:05:37		@p0	:	26.12.2022 09:05:37
Time : 2022.12.26 09:05:37		@p1	:	26.12.2022 09:05:37
Time : 2022.12.26 09:05:37		@p2	:	http://sample.com
Time : 2022.12.26 09:05:37	/////////////////////////////////// 
Time : 2022.12.26 09:05:37	                   ↓↓                    
Time : 2022.12.26 09:05:37	RequestID : Console
Time : 2022.12.26 09:05:37	ElapsedTime : 00:00:00.0119416
Time : 2022.12.26 09:05:37	//////////////////////////////////
Time : 2022.12.26 09:05:37	
Time : 2022.12.26 09:05:37	                   ↓↓                    
Time : 2022.12.26 09:05:37	RequestID : Console
Time : 2022.12.26 09:05:37	ElapsedTime : 00:00:00.0001564
Time : 2022.12.26 09:05:37	//////////////////////////////////
Time : 2022.12.26 09:05:37	INSERT INTO "Posts" ("BlogId", "Content", "CreateDate", "Title", "UpdateDate")
VALUES (@p3, @p4, @p5, @p6, @p7)
RETURNING "Id";
INSERT INTO "Posts" ("BlogId", "Content", "CreateDate", "Title", "UpdateDate")
VALUES (@p8, @p9, @p10, @p11, @p12)
RETURNING "Id";

Time : 2022.12.26 09:05:37	//////////// PARAMETERS ///////////
Time : 2022.12.26 09:05:37		@p3	:	9
Time : 2022.12.26 09:05:37		@p4	:	test
Time : 2022.12.26 09:05:37		@p5	:	26.12.2022 09:05:37
Time : 2022.12.26 09:05:37		@p6	:	Test
Time : 2022.12.26 09:05:37		@p7	:	26.12.2022 09:05:37
Time : 2022.12.26 09:05:37		@p8	:	9
Time : 2022.12.26 09:05:37		@p9	:	test
Time : 2022.12.26 09:05:37		@p10	:	26.12.2022 09:05:37
Time : 2022.12.26 09:05:37		@p11	:	Test
Time : 2022.12.26 09:05:37		@p12	:	26.12.2022 09:05:37
Time : 2022.12.26 09:05:37	/////////////////////////////////// 
Time : 2022.12.26 09:05:37	                   ↓↓                    
Time : 2022.12.26 09:05:37	RequestID : Console
Time : 2022.12.26 09:05:37	ElapsedTime : 00:00:00.0073043
Time : 2022.12.26 09:05:37	//////////////////////////////////
Time : 2022.12.26 09:09:31	
Time : 2022.12.26 09:09:31	                   ↓↓                    
Time : 2022.12.26 09:09:31	RequestID : Console
Time : 2022.12.26 09:09:31	ElapsedTime : 00:00:00.0024629
Time : 2022.12.26 09:09:31	//////////////////////////////////
Time : 2022.12.26 09:09:32	SELECT EXISTS (SELECT 1 FROM pg_catalog.pg_class c JOIN pg_catalog.pg_namespace n ON n.oid=c.relnamespace WHERE c.relname='__EFMigrationsHistory');
Time : 2022.12.26 09:09:32	                   ↓↓                    
Time : 2022.12.26 09:09:32	RequestID : Console
Time : 2022.12.26 09:09:32	ElapsedTime : 00:00:00.0215856
Time : 2022.12.26 09:09:32	//////////////////////////////////
Time : 2022.12.26 09:09:32	
Time : 2022.12.26 09:09:32	                   ↓↓                    
Time : 2022.12.26 09:09:32	RequestID : Console
Time : 2022.12.26 09:09:32	ElapsedTime : 00:00:00.0001960
Time : 2022.12.26 09:09:32	//////////////////////////////////
Time : 2022.12.26 09:09:32	SELECT EXISTS (SELECT 1 FROM pg_catalog.pg_class c JOIN pg_catalog.pg_namespace n ON n.oid=c.relnamespace WHERE c.relname='__EFMigrationsHistory');
Time : 2022.12.26 09:09:32	                   ↓↓                    
Time : 2022.12.26 09:09:32	RequestID : Console
Time : 2022.12.26 09:09:32	ElapsedTime : 00:00:00.0034941
Time : 2022.12.26 09:09:32	//////////////////////////////////
Time : 2022.12.26 09:09:32	
Time : 2022.12.26 09:09:32	                   ↓↓                    
Time : 2022.12.26 09:09:32	RequestID : Console
Time : 2022.12.26 09:09:32	ElapsedTime : 00:00:00.0001330
Time : 2022.12.26 09:09:32	//////////////////////////////////
Time : 2022.12.26 09:09:32	SELECT "MigrationId", "ProductVersion"
FROM "__EFMigrationsHistory"
ORDER BY "MigrationId";
Time : 2022.12.26 09:09:32	                   ↓↓                    
Time : 2022.12.26 09:09:32	RequestID : Console
Time : 2022.12.26 09:09:32	ElapsedTime : 00:00:00.0043616
Time : 2022.12.26 09:09:32	//////////////////////////////////
Time : 2022.12.26 09:09:45	
Time : 2022.12.26 09:09:45	                   ↓↓                    
Time : 2022.12.26 09:09:45	RequestID : Console
Time : 2022.12.26 09:09:45	ElapsedTime : 00:00:00.0025737
Time : 2022.12.26 09:09:45	//////////////////////////////////
Time : 2022.12.26 09:09:45	SELECT EXISTS (SELECT 1 FROM pg_catalog.pg_class c JOIN pg_catalog.pg_namespace n ON n.oid=c.relnamespace WHERE c.relname='__EFMigrationsHistory');
Time : 2022.12.26 09:09:45	                   ↓↓                    
Time : 2022.12.26 09:09:45	RequestID : Console
Time : 2022.12.26 09:09:45	ElapsedTime : 00:00:00.0242793
Time : 2022.12.26 09:09:45	//////////////////////////////////
Time : 2022.12.26 09:09:45	
Time : 2022.12.26 09:09:45	                   ↓↓                    
Time : 2022.12.26 09:09:45	RequestID : Console
Time : 2022.12.26 09:09:45	ElapsedTime : 00:00:00.0001415
Time : 2022.12.26 09:09:45	//////////////////////////////////
Time : 2022.12.26 09:09:45	SELECT EXISTS (SELECT 1 FROM pg_catalog.pg_class c JOIN pg_catalog.pg_namespace n ON n.oid=c.relnamespace WHERE c.relname='__EFMigrationsHistory');
Time : 2022.12.26 09:09:45	                   ↓↓                    
Time : 2022.12.26 09:09:45	RequestID : Console
Time : 2022.12.26 09:09:45	ElapsedTime : 00:00:00.0036023
Time : 2022.12.26 09:09:45	//////////////////////////////////
Time : 2022.12.26 09:09:45	
Time : 2022.12.26 09:09:45	                   ↓↓                    
Time : 2022.12.26 09:09:45	RequestID : Console
Time : 2022.12.26 09:09:45	ElapsedTime : 00:00:00.0001921
Time : 2022.12.26 09:09:45	//////////////////////////////////
Time : 2022.12.26 09:09:45	SELECT "MigrationId", "ProductVersion"
FROM "__EFMigrationsHistory"
ORDER BY "MigrationId";
Time : 2022.12.26 09:09:45	                   ↓↓                    
Time : 2022.12.26 09:09:45	RequestID : Console
Time : 2022.12.26 09:09:45	ElapsedTime : 00:00:00.0047919
Time : 2022.12.26 09:09:45	//////////////////////////////////
