Time : 2022.12.27 13:17:43	
Time : 2022.12.27 13:17:43	                   ↓↓                    
Time : 2022.12.27 13:17:43	RequestID : Console
Time : 2022.12.27 13:17:43	ElapsedTime : 00:00:00.0032605
Time : 2022.12.27 13:17:43	//////////////////////////////////
Time : 2022.12.27 13:17:43	SELECT EXISTS (SELECT 1 FROM pg_catalog.pg_class c JOIN pg_catalog.pg_namespace n ON n.oid=c.relnamespace WHERE c.relname='__EFMigrationsHistory');
Time : 2022.12.27 13:17:43	                   ↓↓                    
Time : 2022.12.27 13:17:43	RequestID : Console
Time : 2022.12.27 13:17:43	ElapsedTime : 00:00:00.0207164
Time : 2022.12.27 13:17:43	//////////////////////////////////
Time : 2022.12.27 13:17:43	
Time : 2022.12.27 13:17:43	                   ↓↓                    
Time : 2022.12.27 13:17:43	RequestID : Console
Time : 2022.12.27 13:17:43	ElapsedTime : 00:00:00.0002560
Time : 2022.12.27 13:17:43	//////////////////////////////////
Time : 2022.12.27 13:17:43	SELECT EXISTS (SELECT 1 FROM pg_catalog.pg_class c JOIN pg_catalog.pg_namespace n ON n.oid=c.relnamespace WHERE c.relname='__EFMigrationsHistory');
Time : 2022.12.27 13:17:43	                   ↓↓                    
Time : 2022.12.27 13:17:43	RequestID : Console
Time : 2022.12.27 13:17:43	ElapsedTime : 00:00:00.0036240
Time : 2022.12.27 13:17:43	//////////////////////////////////
Time : 2022.12.27 13:17:43	
Time : 2022.12.27 13:17:43	                   ↓↓                    
Time : 2022.12.27 13:17:43	RequestID : Console
Time : 2022.12.27 13:17:43	ElapsedTime : 00:00:00.0001857
Time : 2022.12.27 13:17:43	//////////////////////////////////
Time : 2022.12.27 13:17:43	SELECT "MigrationId", "ProductVersion"
FROM "__EFMigrationsHistory"
ORDER BY "MigrationId";
Time : 2022.12.27 13:17:43	                   ↓↓                    
Time : 2022.12.27 13:17:43	RequestID : Console
Time : 2022.12.27 13:17:43	ElapsedTime : 00:00:00.0066934
Time : 2022.12.27 13:17:43	//////////////////////////////////
Time : 2022.12.27 13:18:06	
Time : 2022.12.27 13:18:06	                   ↓↓                    
Time : 2022.12.27 13:18:06	RequestID : Console
Time : 2022.12.27 13:18:06	ElapsedTime : 00:00:00.0001616
Time : 2022.12.27 13:18:06	//////////////////////////////////
Time : 2022.12.27 13:18:06	INSERT INTO "Blogs" ("CreateDate", "UpdateDate", "Url")
VALUES (@p0, @p1, @p2)
RETURNING "Id";

Time : 2022.12.27 13:18:06	//////////// PARAMETERS ///////////
Time : 2022.12.27 13:18:06		@p0	:	27.12.2022 13:18:06
Time : 2022.12.27 13:18:06		@p1	:	27.12.2022 13:18:06
Time : 2022.12.27 13:18:06		@p2	:	http://sample.com
Time : 2022.12.27 13:18:06	/////////////////////////////////// 
Time : 2022.12.27 13:18:06	                   ↓↓                    
Time : 2022.12.27 13:18:06	RequestID : Console
Time : 2022.12.27 13:18:06	ElapsedTime : 00:00:00.0203690
Time : 2022.12.27 13:18:06	//////////////////////////////////
Time : 2022.12.27 13:18:06	
Time : 2022.12.27 13:18:06	                   ↓↓                    
Time : 2022.12.27 13:18:06	RequestID : Console
Time : 2022.12.27 13:18:06	ElapsedTime : 00:00:00.0002361
Time : 2022.12.27 13:18:06	//////////////////////////////////
Time : 2022.12.27 13:18:06	INSERT INTO "Posts" ("BlogId", "Content", "CreateDate", "Title", "UpdateDate")
VALUES (@p3, @p4, @p5, @p6, @p7)
RETURNING "Id";
INSERT INTO "Posts" ("BlogId", "Content", "CreateDate", "Title", "UpdateDate")
VALUES (@p8, @p9, @p10, @p11, @p12)
RETURNING "Id";

Time : 2022.12.27 13:18:06	//////////// PARAMETERS ///////////
Time : 2022.12.27 13:18:06		@p3	:	10
Time : 2022.12.27 13:18:06		@p4	:	test
Time : 2022.12.27 13:18:06		@p5	:	27.12.2022 13:18:06
Time : 2022.12.27 13:18:06		@p6	:	Test
Time : 2022.12.27 13:18:06		@p7	:	27.12.2022 13:18:06
Time : 2022.12.27 13:18:06		@p8	:	10
Time : 2022.12.27 13:18:06		@p9	:	test
Time : 2022.12.27 13:18:06		@p10	:	27.12.2022 13:18:06
Time : 2022.12.27 13:18:06		@p11	:	Test
Time : 2022.12.27 13:18:06		@p12	:	27.12.2022 13:18:06
Time : 2022.12.27 13:18:06	/////////////////////////////////// 
Time : 2022.12.27 13:18:06	                   ↓↓                    
Time : 2022.12.27 13:18:06	RequestID : Console
Time : 2022.12.27 13:18:06	ElapsedTime : 00:00:00.0148188
Time : 2022.12.27 13:18:06	//////////////////////////////////
Time : 2022.12.27 13:40:05	
Time : 2022.12.27 13:40:05	                   ↓↓                    
Time : 2022.12.27 13:40:05	RequestID : Console
Time : 2022.12.27 13:40:05	ElapsedTime : 00:00:00.0026287
Time : 2022.12.27 13:40:05	//////////////////////////////////
Time : 2022.12.27 13:40:05	SELECT EXISTS (SELECT 1 FROM pg_catalog.pg_class c JOIN pg_catalog.pg_namespace n ON n.oid=c.relnamespace WHERE c.relname='__EFMigrationsHistory');
Time : 2022.12.27 13:40:05	                   ↓↓                    
Time : 2022.12.27 13:40:05	RequestID : Console
Time : 2022.12.27 13:40:05	ElapsedTime : 00:00:00.0230248
Time : 2022.12.27 13:40:05	//////////////////////////////////
Time : 2022.12.27 13:40:05	
Time : 2022.12.27 13:40:05	                   ↓↓                    
Time : 2022.12.27 13:40:05	RequestID : Console
Time : 2022.12.27 13:40:05	ElapsedTime : 00:00:00.0001923
Time : 2022.12.27 13:40:05	//////////////////////////////////
Time : 2022.12.27 13:40:05	SELECT EXISTS (SELECT 1 FROM pg_catalog.pg_class c JOIN pg_catalog.pg_namespace n ON n.oid=c.relnamespace WHERE c.relname='__EFMigrationsHistory');
Time : 2022.12.27 13:40:05	                   ↓↓                    
Time : 2022.12.27 13:40:05	RequestID : Console
Time : 2022.12.27 13:40:05	ElapsedTime : 00:00:00.0368215
Time : 2022.12.27 13:40:05	//////////////////////////////////
Time : 2022.12.27 13:40:05	
Time : 2022.12.27 13:40:05	                   ↓↓                    
Time : 2022.12.27 13:40:05	RequestID : Console
Time : 2022.12.27 13:40:05	ElapsedTime : 00:00:00.0001979
Time : 2022.12.27 13:40:05	//////////////////////////////////
Time : 2022.12.27 13:40:05	SELECT "MigrationId", "ProductVersion"
FROM "__EFMigrationsHistory"
ORDER BY "MigrationId";
Time : 2022.12.27 13:40:05	                   ↓↓                    
Time : 2022.12.27 13:40:05	RequestID : Console
Time : 2022.12.27 13:40:05	ElapsedTime : 00:00:00.0090255
Time : 2022.12.27 13:40:05	//////////////////////////////////
Time : 2022.12.27 13:40:05	
Time : 2022.12.27 13:40:05	                   ↓↓                    
Time : 2022.12.27 13:40:05	RequestID : Console
Time : 2022.12.27 13:40:05	ElapsedTime : 00:00:00.0002056
Time : 2022.12.27 13:40:05	//////////////////////////////////
Time : 2022.12.27 13:40:05	INSERT INTO "Blogs" ("CreateDate", "UpdateDate", "Url")
VALUES (@p0, @p1, @p2)
RETURNING "Id";

Time : 2022.12.27 13:40:05	//////////// PARAMETERS ///////////
Time : 2022.12.27 13:40:05		@p0	:	27.12.2022 13:40:05
Time : 2022.12.27 13:40:05		@p1	:	27.12.2022 13:40:05
Time : 2022.12.27 13:40:05		@p2	:	http://sample.com
Time : 2022.12.27 13:40:05	/////////////////////////////////// 
Time : 2022.12.27 13:40:05	                   ↓↓                    
Time : 2022.12.27 13:40:05	RequestID : Console
Time : 2022.12.27 13:40:05	ElapsedTime : 00:00:00.0182053
Time : 2022.12.27 13:40:05	//////////////////////////////////
Time : 2022.12.27 13:40:05	
Time : 2022.12.27 13:40:05	                   ↓↓                    
Time : 2022.12.27 13:40:05	RequestID : Console
Time : 2022.12.27 13:40:05	ElapsedTime : 00:00:00.0008571
Time : 2022.12.27 13:40:05	//////////////////////////////////
Time : 2022.12.27 13:40:05	INSERT INTO "Posts" ("BlogId", "Content", "CreateDate", "Title", "UpdateDate")
VALUES (@p3, @p4, @p5, @p6, @p7)
RETURNING "Id";
INSERT INTO "Posts" ("BlogId", "Content", "CreateDate", "Title", "UpdateDate")
VALUES (@p8, @p9, @p10, @p11, @p12)
RETURNING "Id";

Time : 2022.12.27 13:40:05	//////////// PARAMETERS ///////////
Time : 2022.12.27 13:40:05		@p3	:	11
Time : 2022.12.27 13:40:05		@p4	:	test
Time : 2022.12.27 13:40:05		@p5	:	27.12.2022 13:40:05
Time : 2022.12.27 13:40:05		@p6	:	Test
Time : 2022.12.27 13:40:05		@p7	:	27.12.2022 13:40:05
Time : 2022.12.27 13:40:05		@p8	:	11
Time : 2022.12.27 13:40:05		@p9	:	test
Time : 2022.12.27 13:40:05		@p10	:	27.12.2022 13:40:05
Time : 2022.12.27 13:40:05		@p11	:	Test
Time : 2022.12.27 13:40:05		@p12	:	27.12.2022 13:40:05
Time : 2022.12.27 13:40:05	/////////////////////////////////// 
Time : 2022.12.27 13:40:05	                   ↓↓                    
Time : 2022.12.27 13:40:05	RequestID : Console
Time : 2022.12.27 13:40:05	ElapsedTime : 00:00:00.0140651
Time : 2022.12.27 13:40:05	//////////////////////////////////
Time : 2022.12.27 13:49:58	
Time : 2022.12.27 13:49:58	                   ↓↓                    
Time : 2022.12.27 13:49:58	RequestID : Console
Time : 2022.12.27 13:49:58	ElapsedTime : 00:00:00.0078548
Time : 2022.12.27 13:49:58	//////////////////////////////////
Time : 2022.12.27 13:49:58	SELECT EXISTS (SELECT 1 FROM pg_catalog.pg_class c JOIN pg_catalog.pg_namespace n ON n.oid=c.relnamespace WHERE c.relname='__EFMigrationsHistory');
Time : 2022.12.27 13:49:58	                   ↓↓                    
Time : 2022.12.27 13:49:58	RequestID : Console
Time : 2022.12.27 13:49:58	ElapsedTime : 00:00:00.0499148
Time : 2022.12.27 13:49:58	//////////////////////////////////
Time : 2022.12.27 13:49:58	
Time : 2022.12.27 13:49:58	                   ↓↓                    
Time : 2022.12.27 13:49:58	RequestID : Console
Time : 2022.12.27 13:49:58	ElapsedTime : 00:00:00.0024950
Time : 2022.12.27 13:49:58	//////////////////////////////////
Time : 2022.12.27 13:49:58	SELECT EXISTS (SELECT 1 FROM pg_catalog.pg_class c JOIN pg_catalog.pg_namespace n ON n.oid=c.relnamespace WHERE c.relname='__EFMigrationsHistory');
Time : 2022.12.27 13:49:58	                   ↓↓                    
Time : 2022.12.27 13:49:58	RequestID : Console
Time : 2022.12.27 13:49:58	ElapsedTime : 00:00:00.0173234
Time : 2022.12.27 13:49:58	//////////////////////////////////
Time : 2022.12.27 13:49:58	
Time : 2022.12.27 13:49:58	                   ↓↓                    
Time : 2022.12.27 13:49:58	RequestID : Console
Time : 2022.12.27 13:49:58	ElapsedTime : 00:00:00.0006385
Time : 2022.12.27 13:49:58	//////////////////////////////////
Time : 2022.12.27 13:49:58	SELECT "MigrationId", "ProductVersion"
FROM "__EFMigrationsHistory"
ORDER BY "MigrationId";
Time : 2022.12.27 13:49:58	                   ↓↓                    
Time : 2022.12.27 13:49:58	RequestID : Console
Time : 2022.12.27 13:49:58	ElapsedTime : 00:00:00.0540964
Time : 2022.12.27 13:49:58	//////////////////////////////////
Time : 2022.12.27 13:49:59	
Time : 2022.12.27 13:49:59	                   ↓↓                    
Time : 2022.12.27 13:49:59	RequestID : Console
Time : 2022.12.27 13:49:59	ElapsedTime : 00:00:00.0004004
Time : 2022.12.27 13:49:59	//////////////////////////////////
Time : 2022.12.27 13:49:59	INSERT INTO "Blogs" ("CreateDate", "UpdateDate", "Url")
VALUES (@p0, @p1, @p2)
RETURNING "Id";

Time : 2022.12.27 13:49:59	//////////// PARAMETERS ///////////
Time : 2022.12.27 13:49:59		@p0	:	27.12.2022 13:49:58
Time : 2022.12.27 13:49:59		@p1	:	27.12.2022 13:49:58
Time : 2022.12.27 13:49:59		@p2	:	http://sample.com
Time : 2022.12.27 13:49:59	/////////////////////////////////// 
Time : 2022.12.27 13:49:59	                   ↓↓                    
Time : 2022.12.27 13:49:59	RequestID : Console
Time : 2022.12.27 13:49:59	ElapsedTime : 00:00:00.0312054
Time : 2022.12.27 13:49:59	//////////////////////////////////
Time : 2022.12.27 13:49:59	
Time : 2022.12.27 13:49:59	                   ↓↓                    
Time : 2022.12.27 13:49:59	RequestID : Console
Time : 2022.12.27 13:49:59	ElapsedTime : 00:00:00.0005151
Time : 2022.12.27 13:49:59	//////////////////////////////////
Time : 2022.12.27 13:49:59	INSERT INTO "Posts" ("BlogId", "Content", "CreateDate", "Title", "UpdateDate")
VALUES (@p3, @p4, @p5, @p6, @p7)
RETURNING "Id";
INSERT INTO "Posts" ("BlogId", "Content", "CreateDate", "Title", "UpdateDate")
VALUES (@p8, @p9, @p10, @p11, @p12)
RETURNING "Id";

Time : 2022.12.27 13:49:59	//////////// PARAMETERS ///////////
Time : 2022.12.27 13:49:59		@p3	:	12
Time : 2022.12.27 13:49:59		@p4	:	test
Time : 2022.12.27 13:49:59		@p5	:	27.12.2022 13:49:58
Time : 2022.12.27 13:49:59		@p6	:	Test
Time : 2022.12.27 13:49:59		@p7	:	27.12.2022 13:49:58
Time : 2022.12.27 13:49:59		@p8	:	12
Time : 2022.12.27 13:49:59		@p9	:	test
Time : 2022.12.27 13:49:59		@p10	:	27.12.2022 13:49:58
Time : 2022.12.27 13:49:59		@p11	:	Test
Time : 2022.12.27 13:49:59		@p12	:	27.12.2022 13:49:58
Time : 2022.12.27 13:49:59	/////////////////////////////////// 
Time : 2022.12.27 13:49:59	                   ↓↓                    
Time : 2022.12.27 13:49:59	RequestID : Console
Time : 2022.12.27 13:49:59	ElapsedTime : 00:00:00.0196113
Time : 2022.12.27 13:49:59	//////////////////////////////////
Time : 2022.12.27 13:52:54	
Time : 2022.12.27 13:52:54	                   ↓↓                    
Time : 2022.12.27 13:52:54	RequestID : Console
Time : 2022.12.27 13:52:54	ElapsedTime : 00:00:00.0097606
Time : 2022.12.27 13:52:54	//////////////////////////////////
Time : 2022.12.27 13:52:54	SELECT EXISTS (SELECT 1 FROM pg_catalog.pg_class c JOIN pg_catalog.pg_namespace n ON n.oid=c.relnamespace WHERE c.relname='__EFMigrationsHistory');
Time : 2022.12.27 13:52:54	                   ↓↓                    
Time : 2022.12.27 13:52:54	RequestID : Console
Time : 2022.12.27 13:52:54	ElapsedTime : 00:00:00.0470983
Time : 2022.12.27 13:52:54	//////////////////////////////////
Time : 2022.12.27 13:52:54	
Time : 2022.12.27 13:52:54	                   ↓↓                    
Time : 2022.12.27 13:52:54	RequestID : Console
Time : 2022.12.27 13:52:54	ElapsedTime : 00:00:00.0054823
Time : 2022.12.27 13:52:54	//////////////////////////////////
Time : 2022.12.27 13:52:54	SELECT EXISTS (SELECT 1 FROM pg_catalog.pg_class c JOIN pg_catalog.pg_namespace n ON n.oid=c.relnamespace WHERE c.relname='__EFMigrationsHistory');
Time : 2022.12.27 13:52:54	                   ↓↓                    
Time : 2022.12.27 13:52:54	RequestID : Console
Time : 2022.12.27 13:52:54	ElapsedTime : 00:00:00.0393156
Time : 2022.12.27 13:52:54	//////////////////////////////////
Time : 2022.12.27 13:52:54	
Time : 2022.12.27 13:52:54	                   ↓↓                    
Time : 2022.12.27 13:52:54	RequestID : Console
Time : 2022.12.27 13:52:54	ElapsedTime : 00:00:00.0010578
Time : 2022.12.27 13:52:54	//////////////////////////////////
Time : 2022.12.27 13:52:54	SELECT "MigrationId", "ProductVersion"
FROM "__EFMigrationsHistory"
ORDER BY "MigrationId";
Time : 2022.12.27 13:52:54	                   ↓↓                    
Time : 2022.12.27 13:52:54	RequestID : Console
Time : 2022.12.27 13:52:54	ElapsedTime : 00:00:00.0157572
Time : 2022.12.27 13:52:54	//////////////////////////////////
Time : 2022.12.27 13:52:55	
Time : 2022.12.27 13:52:55	                   ↓↓                    
Time : 2022.12.27 13:52:55	RequestID : Console
Time : 2022.12.27 13:52:55	ElapsedTime : 00:00:00.0009436
Time : 2022.12.27 13:52:55	//////////////////////////////////
Time : 2022.12.27 13:52:55	INSERT INTO "Blogs" ("CreateDate", "UpdateDate", "Url")
VALUES (@p0, @p1, @p2)
RETURNING "Id";

Time : 2022.12.27 13:52:55	//////////// PARAMETERS ///////////
Time : 2022.12.27 13:52:55		@p0	:	27.12.2022 13:52:54
Time : 2022.12.27 13:52:55		@p1	:	27.12.2022 13:52:54
Time : 2022.12.27 13:52:55		@p2	:	http://sample.com
Time : 2022.12.27 13:52:55	/////////////////////////////////// 
Time : 2022.12.27 13:52:55	                   ↓↓                    
Time : 2022.12.27 13:52:55	RequestID : Console
Time : 2022.12.27 13:52:55	ElapsedTime : 00:00:00.0299254
Time : 2022.12.27 13:52:55	//////////////////////////////////
Time : 2022.12.27 13:52:55	
Time : 2022.12.27 13:52:55	                   ↓↓                    
Time : 2022.12.27 13:52:55	RequestID : Console
Time : 2022.12.27 13:52:55	ElapsedTime : 00:00:00.0024475
Time : 2022.12.27 13:52:55	//////////////////////////////////
Time : 2022.12.27 13:52:55	INSERT INTO "Posts" ("BlogId", "Content", "CreateDate", "Title", "UpdateDate")
VALUES (@p3, @p4, @p5, @p6, @p7)
RETURNING "Id";
INSERT INTO "Posts" ("BlogId", "Content", "CreateDate", "Title", "UpdateDate")
VALUES (@p8, @p9, @p10, @p11, @p12)
RETURNING "Id";

Time : 2022.12.27 13:52:55	//////////// PARAMETERS ///////////
Time : 2022.12.27 13:52:55		@p3	:	13
Time : 2022.12.27 13:52:55		@p4	:	test
Time : 2022.12.27 13:52:55		@p5	:	27.12.2022 13:52:54
Time : 2022.12.27 13:52:55		@p6	:	Test
Time : 2022.12.27 13:52:55		@p7	:	27.12.2022 13:52:54
Time : 2022.12.27 13:52:55		@p8	:	13
Time : 2022.12.27 13:52:55		@p9	:	test
Time : 2022.12.27 13:52:55		@p10	:	27.12.2022 13:52:54
Time : 2022.12.27 13:52:55		@p11	:	Test
Time : 2022.12.27 13:52:55		@p12	:	27.12.2022 13:52:54
Time : 2022.12.27 13:52:55	/////////////////////////////////// 
Time : 2022.12.27 13:52:55	                   ↓↓                    
Time : 2022.12.27 13:52:55	RequestID : Console
Time : 2022.12.27 13:52:55	ElapsedTime : 00:00:00.0220164
Time : 2022.12.27 13:52:55	//////////////////////////////////
